<?xml version="1.0" encoding="UTF-8"?>
<testsuite name="it.water.apigateway.CircuitBreakerApiTest" tests="11" skipped="0" failures="0" errors="0" timestamp="2026-03-19T10:56:42.421Z" hostname="acs-aristide-macbook.local" time="0.169">
  <properties/>
  <testcase name="componentInstantiatedCorrectly()" classname="it.water.apigateway.CircuitBreakerApiTest" time="0.011"/>
  <testcase name="initialStateIsClosed()" classname="it.water.apigateway.CircuitBreakerApiTest" time="0.01"/>
  <testcase name="closedCircuitAllowsRequests()" classname="it.water.apigateway.CircuitBreakerApiTest" time="0.013"/>
  <testcase name="failureThresholdOpensCircuit()" classname="it.water.apigateway.CircuitBreakerApiTest" time="0.003"/>
  <testcase name="openCircuitBlocksRequests()" classname="it.water.apigateway.CircuitBreakerApiTest" time="0.002"/>
  <testcase name="halfOpenAfterTimeout()" classname="it.water.apigateway.CircuitBreakerApiTest" time="0.056"/>
  <testcase name="halfOpenSuccessesCloseCircuit()" classname="it.water.apigateway.CircuitBreakerApiTest" time="0.001"/>
  <testcase name="halfOpenFailureReopensCircuit()" classname="it.water.apigateway.CircuitBreakerApiTest" time="0.056"/>
  <testcase name="successInClosedCircuitResetsFailureCount()" classname="it.water.apigateway.CircuitBreakerApiTest" time="0.001"/>
  <testcase name="configurePerService()" classname="it.water.apigateway.CircuitBreakerApiTest" time="0.001"/>
  <testcase name="recordSuccessInOpenStateKeepsCircuitOpen()" classname="it.water.apigateway.CircuitBreakerApiTest" time="0.003"/>
  <system-out><![CDATA[11:56:29.713 [Test worker] INFO org.reflections.Reflections -- Reflections took 1801 ms to scan 205 urls, producing 14021 keys and 69639 values
11:56:31.455 [Test worker] INFO org.reflections.Reflections -- Reflections took 1593 ms to scan 205 urls, producing 14021 keys and 69639 values
11:56:31.552 [Test worker] DEBUG it.water.core.bundle.ApplicationInitializer -- Found @FrameworkComponent it.water.service.rest.security.jwt.JwtSecurityOptionsImpl
11:56:31.555 [Test worker] DEBUG it.water.core.bundle.ApplicationInitializer -- Injecting  Components into fields
11:56:31.557 [Test worker] DEBUG it.water.core.bundle.ApplicationInitializer -- Component: it.water.service.rest.security.jwt.JwtSecurityOptionsImpl implementing services [interface it.water.service.rest.api.options.JwtSecurityOptions] with properties :
 []
11:56:31.560 [Test worker] DEBUG it.water.core.bundle.ApplicationInitializer -- Component: it.water.service.rest.api.options.JwtSecurityOptions succesfully registered!
11:56:31.560 [Test worker] DEBUG it.water.core.bundle.ApplicationInitializer -- Searching for init method...
11:56:31.560 [Test worker] DEBUG it.water.core.bundle.ApplicationInitializer -- Found @FrameworkComponent it.water.apigateway.service.RequestTransformerServiceImpl
11:56:31.560 [Test worker] DEBUG it.water.core.bundle.ApplicationInitializer -- Injecting  Components into fields
11:56:31.561 [Test worker] DEBUG it.water.core.bundle.ApplicationInitializer -- Component: it.water.apigateway.service.RequestTransformerServiceImpl implementing services [interface it.water.apigateway.api.RequestTransformerApi] with properties :
 []
11:56:31.561 [Test worker] DEBUG it.water.core.bundle.ApplicationInitializer -- Component: it.water.apigateway.api.RequestTransformerApi succesfully registered!
11:56:31.561 [Test worker] DEBUG it.water.core.bundle.ApplicationInitializer -- Searching for init method...
11:56:31.561 [Test worker] DEBUG it.water.core.bundle.ApplicationInitializer -- Found @FrameworkComponent it.water.core.testing.utils.security.InMemoryTestRoleManager
11:56:31.561 [Test worker] DEBUG it.water.core.bundle.ApplicationInitializer -- Injecting  Components into fields
11:56:31.561 [Test worker] DEBUG it.water.core.bundle.ApplicationInitializer -- Component: it.water.core.testing.utils.security.InMemoryTestRoleManager implementing services [interface it.water.core.api.role.RoleManager, interface it.water.core.api.service.integration.RoleIntegrationClient] with properties :
 []
11:56:31.561 [Test worker] DEBUG it.water.core.bundle.ApplicationInitializer -- Component: it.water.core.api.role.RoleManager succesfully registered!
11:56:31.561 [Test worker] DEBUG it.water.core.bundle.ApplicationInitializer -- Searching for init method...
11:56:31.561 [Test worker] DEBUG it.water.core.bundle.ApplicationInitializer -- Component: it.water.core.api.service.integration.RoleIntegrationClient succesfully registered!
11:56:31.561 [Test worker] DEBUG it.water.core.bundle.ApplicationInitializer -- Searching for init method...
11:56:31.561 [Test worker] DEBUG it.water.core.bundle.ApplicationInitializer -- Found @FrameworkComponent it.water.core.service.cluster.ClusterNodeOptionsImpl
11:56:31.561 [Test worker] DEBUG it.water.core.bundle.ApplicationInitializer -- Injecting  Components into fields
11:56:31.562 [Test worker] DEBUG it.water.core.bundle.ApplicationInitializer -- Component: it.water.core.service.cluster.ClusterNodeOptionsImpl implementing services [interface it.water.core.api.service.cluster.ClusterNodeOptions] with properties :
 []
11:56:31.562 [Test worker] DEBUG it.water.core.bundle.ApplicationInitializer -- Component: it.water.core.api.service.cluster.ClusterNodeOptions succesfully registered!
11:56:31.562 [Test worker] DEBUG it.water.core.bundle.ApplicationInitializer -- Searching for init method...
11:56:31.562 [Test worker] DEBUG it.water.core.bundle.ApplicationInitializer -- Found @FrameworkComponent it.water.apigateway.repository.RateLimitRuleRepositoryImpl
11:56:31.562 [Test worker] DEBUG it.water.core.bundle.ApplicationInitializer -- Injecting  Components into fields
11:56:31.562 [Test worker] DEBUG it.water.core.bundle.ApplicationInitializer -- Component: it.water.apigateway.repository.RateLimitRuleRepositoryImpl implementing services [interface it.water.apigateway.api.RateLimitRuleRepository] with properties :
 []
11:56:31.562 [Test worker] DEBUG it.water.core.bundle.ApplicationInitializer -- Component: it.water.apigateway.api.RateLimitRuleRepository succesfully registered!
11:56:31.562 [Test worker] DEBUG it.water.core.bundle.ApplicationInitializer -- Searching for init method...
11:56:31.562 [Test worker] DEBUG it.water.core.bundle.ApplicationInitializer -- Found @FrameworkComponent it.water.apigateway.service.RateLimitRuleServiceImpl
11:56:31.562 [Test worker] DEBUG it.water.core.bundle.ApplicationInitializer -- Injecting  Components into fields
11:56:31.562 [Test worker] DEBUG it.water.core.bundle.ApplicationInitializer -- Component: it.water.apigateway.service.RateLimitRuleServiceImpl implementing services [interface it.water.apigateway.api.RateLimitRuleApi] with properties :
 []
11:56:31.562 [Test worker] DEBUG it.water.core.bundle.ApplicationInitializer -- Component: it.water.apigateway.api.RateLimitRuleApi succesfully registered!
11:56:31.562 [Test worker] DEBUG it.water.core.bundle.ApplicationInitializer -- Searching for init method...
11:56:31.562 [Test worker] DEBUG it.water.core.bundle.ApplicationInitializer -- Found @FrameworkComponent it.water.core.interceptors.annotations.implementation.LogMethodExecutionInterceptor
11:56:31.562 [Test worker] DEBUG it.water.core.bundle.ApplicationInitializer -- Injecting  Components into fields
11:56:31.562 [Test worker] DEBUG it.water.core.bundle.ApplicationInitializer -- Component: it.water.core.interceptors.annotations.implementation.LogMethodExecutionInterceptor implementing services [interface it.water.core.api.interceptors.BeforeMethodInterceptor] with properties :
 []
11:56:31.562 [Test worker] DEBUG it.water.core.bundle.ApplicationInitializer -- Component: it.water.core.api.interceptors.BeforeMethodInterceptor succesfully registered!
11:56:31.562 [Test worker] DEBUG it.water.core.bundle.ApplicationInitializer -- Searching for init method...
11:56:31.562 [Test worker] DEBUG it.water.core.bundle.ApplicationInitializer -- Found @FrameworkComponent it.water.apigateway.service.GatewayRouterServiceImpl
11:56:31.563 [Test worker] DEBUG it.water.core.bundle.ApplicationInitializer -- Injecting  Components into fields
11:56:31.563 [Test worker] DEBUG it.water.core.bundle.ApplicationInitializer -- Component: it.water.apigateway.service.GatewayRouterServiceImpl implementing services [interface it.water.apigateway.api.GatewayRouterApi] with properties :
 []
11:56:31.563 [Test worker] DEBUG it.water.core.bundle.ApplicationInitializer -- Component: it.water.apigateway.api.GatewayRouterApi succesfully registered!
11:56:31.563 [Test worker] DEBUG it.water.core.bundle.ApplicationInitializer -- Searching for init method...
11:56:31.563 [Test worker] DEBUG it.water.core.bundle.ApplicationInitializer -- Found @FrameworkComponent it.water.repository.jpa.test.utils.TestJpaRepositoryManager
11:56:31.563 [Test worker] DEBUG it.water.core.bundle.ApplicationInitializer -- Injecting  Components into fields
11:56:31.563 [Test worker] DEBUG it.water.core.bundle.ApplicationInitializer -- Component: it.water.repository.jpa.test.utils.TestJpaRepositoryManager implementing services [interface it.water.repository.jpa.api.JpaRepositoryManager] with properties :
 []
11:56:31.563 [Test worker] DEBUG it.water.core.bundle.ApplicationInitializer -- Component: it.water.repository.jpa.api.JpaRepositoryManager succesfully registered!
11:56:31.563 [Test worker] DEBUG it.water.core.bundle.ApplicationInitializer -- Searching for init method...
11:56:31.563 [Test worker] DEBUG it.water.core.bundle.ApplicationInitializer -- Found @FrameworkComponent it.water.core.security.util.WaterPermissionUtilImpl
11:56:31.563 [Test worker] DEBUG it.water.core.bundle.ApplicationInitializer -- Injecting  Components into fields
11:56:31.563 [Test worker] DEBUG it.water.core.bundle.ApplicationInitializer -- Component: it.water.core.security.util.WaterPermissionUtilImpl implementing services [interface it.water.core.api.permission.PermissionUtil] with properties :
 []
11:56:31.563 [Test worker] DEBUG it.water.core.bundle.ApplicationInitializer -- Component: it.water.core.api.permission.PermissionUtil succesfully registered!
11:56:31.563 [Test worker] DEBUG it.water.core.bundle.ApplicationInitializer -- Searching for init method...
11:56:31.563 [Test worker] DEBUG it.water.core.bundle.ApplicationInitializer -- Found @FrameworkComponent it.water.core.testing.utils.security.InMemoryUserManager
11:56:31.564 [Test worker] DEBUG it.water.core.bundle.ApplicationInitializer -- Injecting  Components into fields
11:56:31.565 [Test worker] DEBUG it.water.core.bundle.ApplicationInitializer -- Component: it.water.core.testing.utils.security.InMemoryUserManager implementing services [interface it.water.core.api.user.UserManager, interface it.water.core.testing.utils.api.TestUserManager, interface it.water.core.api.service.integration.UserIntegrationClient, interface it.water.core.api.security.AuthenticationProvider] with properties :
 []
11:56:31.565 [Test worker] DEBUG it.water.core.bundle.ApplicationInitializer -- Component: it.water.core.api.user.UserManager succesfully registered!
11:56:31.565 [Test worker] DEBUG it.water.core.bundle.ApplicationInitializer -- Searching for init method...
11:56:31.565 [Test worker] DEBUG it.water.core.bundle.ApplicationInitializer -- Component: it.water.core.testing.utils.api.TestUserManager succesfully registered!
11:56:31.565 [Test worker] DEBUG it.water.core.bundle.ApplicationInitializer -- Searching for init method...
11:56:31.565 [Test worker] DEBUG it.water.core.bundle.ApplicationInitializer -- Component: it.water.core.api.service.integration.UserIntegrationClient succesfully registered!
11:56:31.565 [Test worker] DEBUG it.water.core.bundle.ApplicationInitializer -- Searching for init method...
11:56:31.565 [Test worker] DEBUG it.water.core.bundle.ApplicationInitializer -- Component: it.water.core.api.security.AuthenticationProvider succesfully registered!
11:56:31.565 [Test worker] DEBUG it.water.core.bundle.ApplicationInitializer -- Searching for init method...
11:56:31.565 [Test worker] DEBUG it.water.core.bundle.ApplicationInitializer -- Found @FrameworkComponent it.water.apigateway.service.LoadBalancerServiceImpl
11:56:31.567 [Test worker] DEBUG it.water.core.bundle.ApplicationInitializer -- Injecting  Components into fields
11:56:31.567 [Test worker] DEBUG it.water.core.bundle.ApplicationInitializer -- Component: it.water.apigateway.service.LoadBalancerServiceImpl implementing services [interface it.water.apigateway.api.LoadBalancerApi] with properties :
 []
11:56:31.567 [Test worker] DEBUG it.water.core.bundle.ApplicationInitializer -- Component: it.water.apigateway.api.LoadBalancerApi succesfully registered!
11:56:31.567 [Test worker] DEBUG it.water.core.bundle.ApplicationInitializer -- Searching for init method...
11:56:31.567 [Test worker] DEBUG it.water.core.bundle.ApplicationInitializer -- Found @FrameworkComponent it.water.core.permission.action.DefaultActionsManager
11:56:31.567 [Test worker] DEBUG it.water.core.bundle.ApplicationInitializer -- Injecting  Components into fields
11:56:31.567 [Test worker] DEBUG it.water.core.bundle.ApplicationInitializer -- Component: it.water.core.permission.action.DefaultActionsManager implementing services [interface it.water.core.api.action.ActionsManager] with properties :
 []
11:56:31.568 [Test worker] DEBUG it.water.core.bundle.ApplicationInitializer -- Component: it.water.core.api.action.ActionsManager succesfully registered!
11:56:31.568 [Test worker] DEBUG it.water.core.bundle.ApplicationInitializer -- Searching for init method...
11:56:31.568 [Test worker] DEBUG it.water.core.bundle.ApplicationInitializer -- Found @FrameworkComponent it.water.apigateway.service.GatewaySystemServiceImpl
11:56:31.568 [Test worker] DEBUG it.water.core.bundle.ApplicationInitializer -- Injecting  Components into fields
11:56:31.568 [Test worker] DEBUG it.water.core.bundle.ApplicationInitializer -- Component: it.water.apigateway.service.GatewaySystemServiceImpl implementing services [interface it.water.apigateway.api.GatewaySystemApi] with properties :
 []
11:56:31.568 [Test worker] ERROR it.water.core.bundle.ApplicationInitializer -- Cannot invoke "java.util.Map.computeIfAbsent(Object, java.util.function.Function)" because "this.baseEntitySystemApiPriority" is null
java.lang.NullPointerException: Cannot invoke "java.util.Map.computeIfAbsent(Object, java.util.function.Function)" because "this.baseEntitySystemApiPriority" is null
	at it.water.core.testing.utils.registry.TestComponentRegistry.registerComponent(TestComponentRegistry.java:100)
	at it.water.core.bundle.ApplicationInitializer.lambda$registerComponent$15(ApplicationInitializer.java:249)
	at java.base/java.util.ArrayList.forEach(ArrayList.java:1511)
	at it.water.core.bundle.ApplicationInitializer.registerComponent(ApplicationInitializer.java:239)
	at it.water.core.bundle.ApplicationInitializer.lambda$setupFrameworkComponents$1(ApplicationInitializer.java:76)
	at java.base/java.util.Iterator.forEachRemaining(Iterator.java:133)
	at it.water.core.bundle.ApplicationInitializer.setupFrameworkComponents(ApplicationInitializer.java:55)
	at it.water.core.bundle.AbstractInitializer.initializeFrameworkComponents(AbstractInitializer.java:70)
	at it.water.core.bundle.RuntimeInitializer.initializeFrameworkComponents(RuntimeInitializer.java:44)
	at it.water.core.bundle.RuntimeInitializer.initializeFrameworkComponents(RuntimeInitializer.java:33)
	at it.water.core.testing.utils.bundle.TestRuntimeInitializer.start(TestRuntimeInitializer.java:70)
	at it.water.core.testing.utils.junit.WaterTestExtension.beforeAll(WaterTestExtension.java:47)
	at org.junit.jupiter.engine.descriptor.ClassBasedTestDescriptor.lambda$invokeBeforeAllCallbacks$12(ClassBasedTestDescriptor.java:396)
	at org.junit.platform.engine.support.hierarchical.ThrowableCollector.execute(ThrowableCollector.java:73)
	at org.junit.jupiter.engine.descriptor.ClassBasedTestDescriptor.invokeBeforeAllCallbacks(ClassBasedTestDescriptor.java:396)
	at org.junit.jupiter.engine.descriptor.ClassBasedTestDescriptor.before(ClassBasedTestDescriptor.java:212)
	at org.junit.jupiter.engine.descriptor.ClassBasedTestDescriptor.before(ClassBasedTestDescriptor.java:85)
	at org.junit.platform.engine.support.hierarchical.NodeTestTask.lambda$executeRecursively$6(NodeTestTask.java:148)
	at org.junit.platform.engine.support.hierarchical.ThrowableCollector.execute(ThrowableCollector.java:73)
	at org.junit.platform.engine.support.hierarchical.NodeTestTask.lambda$executeRecursively$8(NodeTestTask.java:141)
	at org.junit.platform.engine.support.hierarchical.Node.around(Node.java:137)
	at org.junit.platform.engine.support.hierarchical.NodeTestTask.lambda$executeRecursively$9(NodeTestTask.java:139)
	at org.junit.platform.engine.support.hierarchical.ThrowableCollector.execute(ThrowableCollector.java:73)
	at org.junit.platform.engine.support.hierarchical.NodeTestTask.executeRecursively(NodeTestTask.java:138)
	at org.junit.platform.engine.support.hierarchical.NodeTestTask.execute(NodeTestTask.java:95)
	at java.base/java.util.ArrayList.forEach(ArrayList.java:1511)
	at org.junit.platform.engine.support.hierarchical.SameThreadHierarchicalTestExecutorService.invokeAll(SameThreadHierarchicalTestExecutorService.java:41)
	at org.junit.platform.engine.support.hierarchical.NodeTestTask.lambda$executeRecursively$6(NodeTestTask.java:155)
	at org.junit.platform.engine.support.hierarchical.ThrowableCollector.execute(ThrowableCollector.java:73)
	at org.junit.platform.engine.support.hierarchical.NodeTestTask.lambda$executeRecursively$8(NodeTestTask.java:141)
	at org.junit.platform.engine.support.hierarchical.Node.around(Node.java:137)
	at org.junit.platform.engine.support.hierarchical.NodeTestTask.lambda$executeRecursively$9(NodeTestTask.java:139)
	at org.junit.platform.engine.support.hierarchical.ThrowableCollector.execute(ThrowableCollector.java:73)
	at org.junit.platform.engine.support.hierarchical.NodeTestTask.executeRecursively(NodeTestTask.java:138)
	at org.junit.platform.engine.support.hierarchical.NodeTestTask.execute(NodeTestTask.java:95)
	at org.junit.platform.engine.support.hierarchical.SameThreadHierarchicalTestExecutorService.submit(SameThreadHierarchicalTestExecutorService.java:35)
	at org.junit.platform.engine.support.hierarchical.HierarchicalTestExecutor.execute(HierarchicalTestExecutor.java:57)
	at org.junit.platform.engine.support.hierarchical.HierarchicalTestEngine.execute(HierarchicalTestEngine.java:54)
	at org.junit.platform.launcher.core.EngineExecutionOrchestrator.execute(EngineExecutionOrchestrator.java:107)
	at org.junit.platform.launcher.core.EngineExecutionOrchestrator.execute(EngineExecutionOrchestrator.java:88)
	at org.junit.platform.launcher.core.EngineExecutionOrchestrator.lambda$execute$0(EngineExecutionOrchestrator.java:54)
	at org.junit.platform.launcher.core.EngineExecutionOrchestrator.withInterceptedStreams(EngineExecutionOrchestrator.java:67)
	at org.junit.platform.launcher.core.EngineExecutionOrchestrator.execute(EngineExecutionOrchestrator.java:52)
	at org.junit.platform.launcher.core.DefaultLauncher.execute(DefaultLauncher.java:114)
	at org.junit.platform.launcher.core.DefaultLauncher.execute(DefaultLauncher.java:86)
	at org.junit.platform.launcher.core.DefaultLauncherSession$DelegatingLauncher.execute(DefaultLauncherSession.java:86)
	at org.gradle.api.internal.tasks.testing.junitplatform.JUnitPlatformTestClassProcessor$CollectAllTestClassesExecutor.processAllTestClasses(JUnitPlatformTestClassProcessor.java:124)
	at org.gradle.api.internal.tasks.testing.junitplatform.JUnitPlatformTestClassProcessor$CollectAllTestClassesExecutor.access$000(JUnitPlatformTestClassProcessor.java:99)
	at org.gradle.api.internal.tasks.testing.junitplatform.JUnitPlatformTestClassProcessor.stop(JUnitPlatformTestClassProcessor.java:94)
	at org.gradle.api.internal.tasks.testing.SuiteTestClassProcessor.stop(SuiteTestClassProcessor.java:63)
	at java.base/jdk.internal.reflect.NativeMethodAccessorImpl.invoke0(Native Method)
	at java.base/jdk.internal.reflect.NativeMethodAccessorImpl.invoke(NativeMethodAccessorImpl.java:77)
	at java.base/jdk.internal.reflect.DelegatingMethodAccessorImpl.invoke(DelegatingMethodAccessorImpl.java:43)
	at java.base/java.lang.reflect.Method.invoke(Method.java:568)
	at org.gradle.internal.dispatch.ReflectionDispatch.dispatch(ReflectionDispatch.java:36)
	at org.gradle.internal.dispatch.ReflectionDispatch.dispatch(ReflectionDispatch.java:24)
	at org.gradle.internal.dispatch.ContextClassLoaderDispatch.dispatch(ContextClassLoaderDispatch.java:33)
	at org.gradle.internal.dispatch.ProxyDispatchAdapter$DispatchingInvocationHandler.invoke(ProxyDispatchAdapter.java:92)
	at jdk.proxy2/jdk.proxy2.$Proxy6.stop(Unknown Source)
	at org.gradle.api.internal.tasks.testing.worker.TestWorker$3.run(TestWorker.java:200)
	at org.gradle.api.internal.tasks.testing.worker.TestWorker.executeAndMaintainThreadName(TestWorker.java:132)
	at org.gradle.api.internal.tasks.testing.worker.TestWorker.execute(TestWorker.java:103)
	at org.gradle.api.internal.tasks.testing.worker.TestWorker.execute(TestWorker.java:63)
	at org.gradle.process.internal.worker.child.ActionExecutionWorker.execute(ActionExecutionWorker.java:56)
	at org.gradle.process.internal.worker.child.SystemApplicationClassLoaderWorker.call(SystemApplicationClassLoaderWorker.java:121)
	at org.gradle.process.internal.worker.child.SystemApplicationClassLoaderWorker.call(SystemApplicationClassLoaderWorker.java:71)
	at worker.org.gradle.process.internal.worker.GradleWorkerMain.run(GradleWorkerMain.java:69)
	at worker.org.gradle.process.internal.worker.GradleWorkerMain.main(GradleWorkerMain.java:74)
11:56:31.571 [Test worker] DEBUG it.water.core.bundle.ApplicationInitializer -- Found @FrameworkComponent it.water.apigateway.service.RateLimitRuleSystemServiceImpl
11:56:31.571 [Test worker] DEBUG it.water.core.bundle.ApplicationInitializer -- Injecting  Components into fields
11:56:31.571 [Test worker] DEBUG it.water.core.bundle.ApplicationInitializer -- Component: it.water.apigateway.service.RateLimitRuleSystemServiceImpl implementing services [interface it.water.apigateway.api.RateLimitRuleSystemApi] with properties :
 []
11:56:31.572 [Test worker] ERROR it.water.core.bundle.ApplicationInitializer -- Cannot invoke "java.util.Map.computeIfAbsent(Object, java.util.function.Function)" because "this.baseEntitySystemApiPriority" is null
java.lang.NullPointerException: Cannot invoke "java.util.Map.computeIfAbsent(Object, java.util.function.Function)" because "this.baseEntitySystemApiPriority" is null
	at it.water.core.testing.utils.registry.TestComponentRegistry.registerComponent(TestComponentRegistry.java:100)
	at it.water.core.bundle.ApplicationInitializer.lambda$registerComponent$15(ApplicationInitializer.java:249)
	at java.base/java.util.ArrayList.forEach(ArrayList.java:1511)
	at it.water.core.bundle.ApplicationInitializer.registerComponent(ApplicationInitializer.java:239)
	at it.water.core.bundle.ApplicationInitializer.lambda$setupFrameworkComponents$1(ApplicationInitializer.java:76)
	at java.base/java.util.Iterator.forEachRemaining(Iterator.java:133)
	at it.water.core.bundle.ApplicationInitializer.setupFrameworkComponents(ApplicationInitializer.java:55)
	at it.water.core.bundle.AbstractInitializer.initializeFrameworkComponents(AbstractInitializer.java:70)
	at it.water.core.bundle.RuntimeInitializer.initializeFrameworkComponents(RuntimeInitializer.java:44)
	at it.water.core.bundle.RuntimeInitializer.initializeFrameworkComponents(RuntimeInitializer.java:33)
	at it.water.core.testing.utils.bundle.TestRuntimeInitializer.start(TestRuntimeInitializer.java:70)
	at it.water.core.testing.utils.junit.WaterTestExtension.beforeAll(WaterTestExtension.java:47)
	at org.junit.jupiter.engine.descriptor.ClassBasedTestDescriptor.lambda$invokeBeforeAllCallbacks$12(ClassBasedTestDescriptor.java:396)
	at org.junit.platform.engine.support.hierarchical.ThrowableCollector.execute(ThrowableCollector.java:73)
	at org.junit.jupiter.engine.descriptor.ClassBasedTestDescriptor.invokeBeforeAllCallbacks(ClassBasedTestDescriptor.java:396)
	at org.junit.jupiter.engine.descriptor.ClassBasedTestDescriptor.before(ClassBasedTestDescriptor.java:212)
	at org.junit.jupiter.engine.descriptor.ClassBasedTestDescriptor.before(ClassBasedTestDescriptor.java:85)
	at org.junit.platform.engine.support.hierarchical.NodeTestTask.lambda$executeRecursively$6(NodeTestTask.java:148)
	at org.junit.platform.engine.support.hierarchical.ThrowableCollector.execute(ThrowableCollector.java:73)
	at org.junit.platform.engine.support.hierarchical.NodeTestTask.lambda$executeRecursively$8(NodeTestTask.java:141)
	at org.junit.platform.engine.support.hierarchical.Node.around(Node.java:137)
	at org.junit.platform.engine.support.hierarchical.NodeTestTask.lambda$executeRecursively$9(NodeTestTask.java:139)
	at org.junit.platform.engine.support.hierarchical.ThrowableCollector.execute(ThrowableCollector.java:73)
	at org.junit.platform.engine.support.hierarchical.NodeTestTask.executeRecursively(NodeTestTask.java:138)
	at org.junit.platform.engine.support.hierarchical.NodeTestTask.execute(NodeTestTask.java:95)
	at java.base/java.util.ArrayList.forEach(ArrayList.java:1511)
	at org.junit.platform.engine.support.hierarchical.SameThreadHierarchicalTestExecutorService.invokeAll(SameThreadHierarchicalTestExecutorService.java:41)
	at org.junit.platform.engine.support.hierarchical.NodeTestTask.lambda$executeRecursively$6(NodeTestTask.java:155)
	at org.junit.platform.engine.support.hierarchical.ThrowableCollector.execute(ThrowableCollector.java:73)
	at org.junit.platform.engine.support.hierarchical.NodeTestTask.lambda$executeRecursively$8(NodeTestTask.java:141)
	at org.junit.platform.engine.support.hierarchical.Node.around(Node.java:137)
	at org.junit.platform.engine.support.hierarchical.NodeTestTask.lambda$executeRecursively$9(NodeTestTask.java:139)
	at org.junit.platform.engine.support.hierarchical.ThrowableCollector.execute(ThrowableCollector.java:73)
	at org.junit.platform.engine.support.hierarchical.NodeTestTask.executeRecursively(NodeTestTask.java:138)
	at org.junit.platform.engine.support.hierarchical.NodeTestTask.execute(NodeTestTask.java:95)
	at org.junit.platform.engine.support.hierarchical.SameThreadHierarchicalTestExecutorService.submit(SameThreadHierarchicalTestExecutorService.java:35)
	at org.junit.platform.engine.support.hierarchical.HierarchicalTestExecutor.execute(HierarchicalTestExecutor.java:57)
	at org.junit.platform.engine.support.hierarchical.HierarchicalTestEngine.execute(HierarchicalTestEngine.java:54)
	at org.junit.platform.launcher.core.EngineExecutionOrchestrator.execute(EngineExecutionOrchestrator.java:107)
	at org.junit.platform.launcher.core.EngineExecutionOrchestrator.execute(EngineExecutionOrchestrator.java:88)
	at org.junit.platform.launcher.core.EngineExecutionOrchestrator.lambda$execute$0(EngineExecutionOrchestrator.java:54)
	at org.junit.platform.launcher.core.EngineExecutionOrchestrator.withInterceptedStreams(EngineExecutionOrchestrator.java:67)
	at org.junit.platform.launcher.core.EngineExecutionOrchestrator.execute(EngineExecutionOrchestrator.java:52)
	at org.junit.platform.launcher.core.DefaultLauncher.execute(DefaultLauncher.java:114)
	at org.junit.platform.launcher.core.DefaultLauncher.execute(DefaultLauncher.java:86)
	at org.junit.platform.launcher.core.DefaultLauncherSession$DelegatingLauncher.execute(DefaultLauncherSession.java:86)
	at org.gradle.api.internal.tasks.testing.junitplatform.JUnitPlatformTestClassProcessor$CollectAllTestClassesExecutor.processAllTestClasses(JUnitPlatformTestClassProcessor.java:124)
	at org.gradle.api.internal.tasks.testing.junitplatform.JUnitPlatformTestClassProcessor$CollectAllTestClassesExecutor.access$000(JUnitPlatformTestClassProcessor.java:99)
	at org.gradle.api.internal.tasks.testing.junitplatform.JUnitPlatformTestClassProcessor.stop(JUnitPlatformTestClassProcessor.java:94)
	at org.gradle.api.internal.tasks.testing.SuiteTestClassProcessor.stop(SuiteTestClassProcessor.java:63)
	at java.base/jdk.internal.reflect.NativeMethodAccessorImpl.invoke0(Native Method)
	at java.base/jdk.internal.reflect.NativeMethodAccessorImpl.invoke(NativeMethodAccessorImpl.java:77)
	at java.base/jdk.internal.reflect.DelegatingMethodAccessorImpl.invoke(DelegatingMethodAccessorImpl.java:43)
	at java.base/java.lang.reflect.Method.invoke(Method.java:568)
	at org.gradle.internal.dispatch.ReflectionDispatch.dispatch(ReflectionDispatch.java:36)
	at org.gradle.internal.dispatch.ReflectionDispatch.dispatch(ReflectionDispatch.java:24)
	at org.gradle.internal.dispatch.ContextClassLoaderDispatch.dispatch(ContextClassLoaderDispatch.java:33)
	at org.gradle.internal.dispatch.ProxyDispatchAdapter$DispatchingInvocationHandler.invoke(ProxyDispatchAdapter.java:92)
	at jdk.proxy2/jdk.proxy2.$Proxy6.stop(Unknown Source)
	at org.gradle.api.internal.tasks.testing.worker.TestWorker$3.run(TestWorker.java:200)
	at org.gradle.api.internal.tasks.testing.worker.TestWorker.executeAndMaintainThreadName(TestWorker.java:132)
	at org.gradle.api.internal.tasks.testing.worker.TestWorker.execute(TestWorker.java:103)
	at org.gradle.api.internal.tasks.testing.worker.TestWorker.execute(TestWorker.java:63)
	at org.gradle.process.internal.worker.child.ActionExecutionWorker.execute(ActionExecutionWorker.java:56)
	at org.gradle.process.internal.worker.child.SystemApplicationClassLoaderWorker.call(SystemApplicationClassLoaderWorker.java:121)
	at org.gradle.process.internal.worker.child.SystemApplicationClassLoaderWorker.call(SystemApplicationClassLoaderWorker.java:71)
	at worker.org.gradle.process.internal.worker.GradleWorkerMain.run(GradleWorkerMain.java:69)
	at worker.org.gradle.process.internal.worker.GradleWorkerMain.main(GradleWorkerMain.java:74)
11:56:31.574 [Test worker] DEBUG it.water.core.bundle.ApplicationInitializer -- Found @FrameworkComponent it.water.core.security.annotations.implementation.AllowRolesInterceptor
11:56:31.574 [Test worker] DEBUG it.water.core.bundle.ApplicationInitializer -- Injecting  Components into fields
11:56:31.574 [Test worker] DEBUG it.water.core.bundle.ApplicationInitializer -- Component: it.water.core.security.annotations.implementation.AllowRolesInterceptor implementing services [interface it.water.core.api.interceptors.BeforeMethodInterceptor, interface it.water.core.api.service.Service] with properties :
 []
11:56:31.574 [Test worker] DEBUG it.water.core.bundle.ApplicationInitializer -- Component: it.water.core.api.interceptors.BeforeMethodInterceptor succesfully registered!
11:56:31.574 [Test worker] DEBUG it.water.core.bundle.ApplicationInitializer -- Searching for init method...
11:56:31.574 [Test worker] DEBUG it.water.core.bundle.ApplicationInitializer -- Component: it.water.core.api.service.Service succesfully registered!
11:56:31.574 [Test worker] DEBUG it.water.core.bundle.ApplicationInitializer -- Searching for init method...
11:56:31.574 [Test worker] DEBUG it.water.core.bundle.ApplicationInitializer -- Found @FrameworkComponent it.water.core.security.annotations.implementation.AllowLoggedUserInterceptor
11:56:31.574 [Test worker] DEBUG it.water.core.bundle.ApplicationInitializer -- Injecting  Components into fields
11:56:31.574 [Test worker] DEBUG it.water.core.bundle.ApplicationInitializer -- Component: it.water.core.security.annotations.implementation.AllowLoggedUserInterceptor implementing services [interface it.water.core.api.interceptors.BeforeMethodInterceptor, interface it.water.core.api.service.Service] with properties :
 []
11:56:31.574 [Test worker] DEBUG it.water.core.bundle.ApplicationInitializer -- Component: it.water.core.api.interceptors.BeforeMethodInterceptor succesfully registered!
11:56:31.574 [Test worker] DEBUG it.water.core.bundle.ApplicationInitializer -- Searching for init method...
11:56:31.574 [Test worker] DEBUG it.water.core.bundle.ApplicationInitializer -- Component: it.water.core.api.service.Service succesfully registered!
11:56:31.574 [Test worker] DEBUG it.water.core.bundle.ApplicationInitializer -- Searching for init method...
11:56:31.574 [Test worker] DEBUG it.water.core.bundle.ApplicationInitializer -- Found @FrameworkComponent it.water.apigateway.repository.RouteRepositoryImpl
11:56:31.574 [Test worker] DEBUG it.water.core.bundle.ApplicationInitializer -- Injecting  Components into fields
11:56:31.574 [Test worker] DEBUG it.water.core.bundle.ApplicationInitializer -- Component: it.water.apigateway.repository.RouteRepositoryImpl implementing services [interface it.water.apigateway.api.RouteRepository] with properties :
 []
11:56:31.574 [Test worker] DEBUG it.water.core.bundle.ApplicationInitializer -- Component: it.water.apigateway.api.RouteRepository succesfully registered!
11:56:31.574 [Test worker] DEBUG it.water.core.bundle.ApplicationInitializer -- Searching for init method...
11:56:31.574 [Test worker] DEBUG it.water.core.bundle.ApplicationInitializer -- Found @FrameworkComponent it.water.core.security.util.WaterEncryprionUtilImpl
11:56:31.600 [Test worker] DEBUG it.water.core.bundle.ApplicationInitializer -- Injecting  Components into fields
11:56:31.600 [Test worker] DEBUG it.water.core.bundle.ApplicationInitializer -- Component: it.water.core.security.util.WaterEncryprionUtilImpl implementing services [interface it.water.core.api.security.EncryptionUtil] with properties :
 []
11:56:31.600 [Test worker] DEBUG it.water.core.bundle.ApplicationInitializer -- Component: it.water.core.api.security.EncryptionUtil succesfully registered!
11:56:31.600 [Test worker] DEBUG it.water.core.bundle.ApplicationInitializer -- Searching for init method...
11:56:31.600 [Test worker] DEBUG it.water.core.bundle.ApplicationInitializer -- Found @FrameworkComponent it.water.core.security.annotations.implementation.AllowGenericPermissionInterceptor
11:56:31.600 [Test worker] DEBUG it.water.core.bundle.ApplicationInitializer -- Injecting  Components into fields
11:56:31.600 [Test worker] DEBUG it.water.core.bundle.ApplicationInitializer -- Component: it.water.core.security.annotations.implementation.AllowGenericPermissionInterceptor implementing services [interface it.water.core.api.interceptors.BeforeMethodInterceptor, interface it.water.core.api.service.Service] with properties :
 []
11:56:31.600 [Test worker] DEBUG it.water.core.bundle.ApplicationInitializer -- Component: it.water.core.api.interceptors.BeforeMethodInterceptor succesfully registered!
11:56:31.600 [Test worker] DEBUG it.water.core.bundle.ApplicationInitializer -- Searching for init method...
11:56:31.600 [Test worker] DEBUG it.water.core.bundle.ApplicationInitializer -- Component: it.water.core.api.service.Service succesfully registered!
11:56:31.600 [Test worker] DEBUG it.water.core.bundle.ApplicationInitializer -- Searching for init method...
11:56:31.600 [Test worker] DEBUG it.water.core.bundle.ApplicationInitializer -- Found @FrameworkComponent it.water.apigateway.service.GatewayAuthenticationServiceImpl
11:56:31.600 [Test worker] DEBUG it.water.core.bundle.ApplicationInitializer -- Injecting  Components into fields
11:56:31.600 [Test worker] DEBUG it.water.core.bundle.ApplicationInitializer -- Component: it.water.apigateway.service.GatewayAuthenticationServiceImpl implementing services [interface it.water.apigateway.api.GatewayAuthenticationApi] with properties :
 []
11:56:31.600 [Test worker] DEBUG it.water.core.bundle.ApplicationInitializer -- Component: it.water.apigateway.api.GatewayAuthenticationApi succesfully registered!
11:56:31.600 [Test worker] DEBUG it.water.core.bundle.ApplicationInitializer -- Searching for init method...
11:56:31.600 [Test worker] DEBUG it.water.core.bundle.ApplicationInitializer -- Found @FrameworkComponent it.water.core.security.annotations.implementation.AllowPermissionInterceptor
11:56:31.600 [Test worker] DEBUG it.water.core.bundle.ApplicationInitializer -- Injecting  Components into fields
11:56:31.600 [Test worker] DEBUG it.water.core.bundle.ApplicationInitializer -- Component: it.water.core.security.annotations.implementation.AllowPermissionInterceptor implementing services [interface it.water.core.api.interceptors.BeforeMethodInterceptor, interface it.water.core.api.service.Service] with properties :
 []
11:56:31.600 [Test worker] DEBUG it.water.core.bundle.ApplicationInitializer -- Component: it.water.core.api.interceptors.BeforeMethodInterceptor succesfully registered!
11:56:31.600 [Test worker] DEBUG it.water.core.bundle.ApplicationInitializer -- Searching for init method...
11:56:31.600 [Test worker] DEBUG it.water.core.bundle.ApplicationInitializer -- Component: it.water.core.api.service.Service succesfully registered!
11:56:31.600 [Test worker] DEBUG it.water.core.bundle.ApplicationInitializer -- Searching for init method...
11:56:31.600 [Test worker] DEBUG it.water.core.bundle.ApplicationInitializer -- Found @FrameworkComponent it.water.core.testing.utils.security.InMemoryTestPermissionManager
11:56:31.601 [Test worker] DEBUG it.water.core.bundle.ApplicationInitializer -- Injecting  Components into fields
11:56:31.601 [Test worker] DEBUG it.water.core.bundle.ApplicationInitializer -- Component: it.water.core.testing.utils.security.InMemoryTestPermissionManager implementing services [interface it.water.core.api.permission.PermissionManager, interface it.water.core.testing.utils.api.TestPermissionManager] with properties :
 [implementation=default]
11:56:31.601 [Test worker] DEBUG it.water.core.bundle.ApplicationInitializer -- Component: it.water.core.api.permission.PermissionManager succesfully registered!
11:56:31.601 [Test worker] DEBUG it.water.core.bundle.ApplicationInitializer -- Searching for init method...
11:56:31.601 [Test worker] DEBUG it.water.core.bundle.ApplicationInitializer -- Component: it.water.core.testing.utils.api.TestPermissionManager succesfully registered!
11:56:31.601 [Test worker] DEBUG it.water.core.bundle.ApplicationInitializer -- Searching for init method...
11:56:31.601 [Test worker] DEBUG it.water.core.bundle.ApplicationInitializer -- Found @FrameworkComponent it.water.core.testing.utils.bundle.WaterTestRuntime
11:56:31.601 [Test worker] DEBUG it.water.core.bundle.ApplicationInitializer -- Injecting  Components into fields
11:56:31.601 [Test worker] DEBUG it.water.core.bundle.ApplicationInitializer -- Component: it.water.core.testing.utils.bundle.WaterTestRuntime implementing services [interface it.water.core.api.bundle.Runtime] with properties :
 []
11:56:31.601 [Test worker] DEBUG it.water.core.bundle.ApplicationInitializer -- Component: it.water.core.api.bundle.Runtime succesfully registered!
11:56:31.601 [Test worker] DEBUG it.water.core.bundle.ApplicationInitializer -- Searching for init method...
11:56:31.601 [Test worker] DEBUG it.water.core.bundle.ApplicationInitializer -- Found @FrameworkComponent it.water.core.security.annotations.implementation.AllowPermissionOnReturnInterceptor
11:56:31.601 [Test worker] DEBUG it.water.core.bundle.ApplicationInitializer -- Injecting  Components into fields
11:56:31.602 [Test worker] DEBUG it.water.core.bundle.ApplicationInitializer -- Component: it.water.core.security.annotations.implementation.AllowPermissionOnReturnInterceptor implementing services [interface it.water.core.api.interceptors.AfterMethodInterceptor, interface it.water.core.api.service.Service] with properties :
 []
11:56:31.602 [Test worker] DEBUG it.water.core.bundle.ApplicationInitializer -- Component: it.water.core.api.interceptors.AfterMethodInterceptor succesfully registered!
11:56:31.602 [Test worker] DEBUG it.water.core.bundle.ApplicationInitializer -- Searching for init method...
11:56:31.602 [Test worker] DEBUG it.water.core.bundle.ApplicationInitializer -- Component: it.water.core.api.service.Service succesfully registered!
11:56:31.602 [Test worker] DEBUG it.water.core.bundle.ApplicationInitializer -- Searching for init method...
11:56:31.602 [Test worker] DEBUG it.water.core.bundle.ApplicationInitializer -- Found @FrameworkComponent it.water.core.validation.validators.WaterJakartaValidator
11:56:31.602 [Test worker] DEBUG it.water.core.validation.validators.WaterJakartaValidator$ValidationProviderResolver -- Returning Validation provider HibernateValidator
11:56:31.602 [Test worker] DEBUG it.water.core.validation.validators.WaterJakartaValidator$ValidationProviderResolver -- Returning Validation provider HibernateValidator
11:56:31.605 [Test worker] DEBUG org.hibernate.validator.internal.engine.AbstractConfigurationImpl -- Setting custom MessageInterpolator of type org.hibernate.validator.messageinterpolation.ParameterMessageInterpolator
11:56:31.613 [Test worker] DEBUG org.hibernate.validator.internal.xml.config.ValidationXmlParser -- Trying to load META-INF/validation.xml for XML based Validator configuration.
11:56:31.613 [Test worker] DEBUG org.hibernate.validator.internal.xml.config.ResourceLoaderHelper -- Trying to load META-INF/validation.xml via TCCL
11:56:31.615 [Test worker] DEBUG org.hibernate.validator.internal.xml.config.ResourceLoaderHelper -- Trying to load META-INF/validation.xml via Hibernate Validator's class loader
11:56:31.616 [Test worker] DEBUG org.hibernate.validator.internal.xml.config.ValidationXmlParser -- No META-INF/validation.xml found. Using annotation based configuration only.
11:56:31.617 [Test worker] DEBUG org.hibernate.validator.internal.engine.resolver.TraversableResolvers -- Found jakarta.persistence.Persistence on classpath containing 'getPersistenceUtil'. Assuming JPA 2 environment. Trying to instantiate JPA aware TraversableResolver
11:56:31.617 [Test worker] DEBUG org.hibernate.validator.internal.engine.resolver.TraversableResolvers -- Instantiated JPA aware TraversableResolver of type org.hibernate.validator.internal.engine.resolver.JPATraversableResolver.
11:56:31.618 [Test worker] DEBUG it.water.core.validation.validators.WaterJakartaValidator$ValidationProviderResolver -- Returning Validation provider HibernateValidator
11:56:31.631 [Test worker] DEBUG org.hibernate.validator.internal.engine.ValidatorFactoryConfigurationHelper -- HV000252: Using org.hibernate.validator.internal.engine.DefaultPropertyNodeNameProvider as property node name provider.
11:56:31.633 [Test worker] DEBUG org.hibernate.validator.internal.engine.ValidatorFactoryConfigurationHelper -- HV000234: Using org.hibernate.validator.messageinterpolation.ParameterMessageInterpolator as ValidatorFactory-scoped message interpolator.
11:56:31.634 [Test worker] DEBUG org.hibernate.validator.internal.engine.ValidatorFactoryConfigurationHelper -- HV000234: Using org.hibernate.validator.internal.engine.resolver.JPATraversableResolver as ValidatorFactory-scoped traversable resolver.
11:56:31.634 [Test worker] DEBUG org.hibernate.validator.internal.engine.ValidatorFactoryConfigurationHelper -- HV000234: Using org.hibernate.validator.internal.util.ExecutableParameterNameProvider as ValidatorFactory-scoped parameter name provider.
11:56:31.634 [Test worker] DEBUG org.hibernate.validator.internal.engine.ValidatorFactoryConfigurationHelper -- HV000234: Using org.hibernate.validator.internal.engine.DefaultClockProvider as ValidatorFactory-scoped clock provider.
11:56:31.634 [Test worker] DEBUG org.hibernate.validator.internal.engine.ValidatorFactoryConfigurationHelper -- HV000234: Using org.hibernate.validator.internal.engine.scripting.DefaultScriptEvaluatorFactory as ValidatorFactory-scoped script evaluator factory.
11:56:31.650 [Test worker] DEBUG it.water.core.bundle.ApplicationInitializer -- Injecting  Components into fields
11:56:31.650 [Test worker] DEBUG it.water.core.bundle.ApplicationInitializer -- Component: it.water.core.validation.validators.WaterJakartaValidator implementing services [interface it.water.core.api.validation.WaterValidator] with properties :
 []
11:56:31.651 [Test worker] DEBUG it.water.core.bundle.ApplicationInitializer -- Component: it.water.core.api.validation.WaterValidator succesfully registered!
11:56:31.651 [Test worker] DEBUG it.water.core.bundle.ApplicationInitializer -- Searching for init method...
11:56:31.651 [Test worker] DEBUG it.water.core.bundle.ApplicationInitializer -- Found @FrameworkComponent it.water.apigateway.service.RateLimiterServiceImpl
11:56:31.651 [Test worker] DEBUG it.water.core.bundle.ApplicationInitializer -- Injecting  Components into fields
11:56:31.651 [Test worker] DEBUG it.water.core.bundle.ApplicationInitializer -- Component: it.water.apigateway.service.RateLimiterServiceImpl implementing services [interface it.water.apigateway.api.RateLimiterApi] with properties :
 []
11:56:31.651 [Test worker] DEBUG it.water.core.bundle.ApplicationInitializer -- Component: it.water.apigateway.api.RateLimiterApi succesfully registered!
11:56:31.651 [Test worker] DEBUG it.water.core.bundle.ApplicationInitializer -- Searching for init method...
11:56:31.651 [Test worker] DEBUG it.water.core.bundle.ApplicationInitializer -- Found @FrameworkComponent it.water.core.testing.utils.service.SharedEntityMockIntegrationClient
11:56:31.651 [Test worker] DEBUG it.water.core.bundle.ApplicationInitializer -- Injecting  Components into fields
11:56:31.651 [Test worker] DEBUG it.water.core.bundle.ApplicationInitializer -- Component: it.water.core.testing.utils.service.SharedEntityMockIntegrationClient implementing services [interface it.water.core.api.service.integration.SharedEntityIntegrationClient] with properties :
 []
11:56:31.651 [Test worker] DEBUG it.water.core.bundle.ApplicationInitializer -- Component: it.water.core.api.service.integration.SharedEntityIntegrationClient succesfully registered!
11:56:31.651 [Test worker] DEBUG it.water.core.bundle.ApplicationInitializer -- Searching for init method...
11:56:31.651 [Test worker] DEBUG it.water.core.bundle.ApplicationInitializer -- Found @FrameworkComponent it.water.apigateway.service.RouteSystemServiceImpl
11:56:31.651 [Test worker] DEBUG it.water.core.bundle.ApplicationInitializer -- Injecting  Components into fields
11:56:31.651 [Test worker] DEBUG it.water.core.bundle.ApplicationInitializer -- Component: it.water.apigateway.service.RouteSystemServiceImpl implementing services [interface it.water.apigateway.api.RouteSystemApi] with properties :
 []
11:56:31.651 [Test worker] ERROR it.water.core.bundle.ApplicationInitializer -- Cannot invoke "java.util.Map.computeIfAbsent(Object, java.util.function.Function)" because "this.baseEntitySystemApiPriority" is null
java.lang.NullPointerException: Cannot invoke "java.util.Map.computeIfAbsent(Object, java.util.function.Function)" because "this.baseEntitySystemApiPriority" is null
	at it.water.core.testing.utils.registry.TestComponentRegistry.registerComponent(TestComponentRegistry.java:100)
	at it.water.core.bundle.ApplicationInitializer.lambda$registerComponent$15(ApplicationInitializer.java:249)
	at java.base/java.util.ArrayList.forEach(ArrayList.java:1511)
	at it.water.core.bundle.ApplicationInitializer.registerComponent(ApplicationInitializer.java:239)
	at it.water.core.bundle.ApplicationInitializer.lambda$setupFrameworkComponents$1(ApplicationInitializer.java:76)
	at java.base/java.util.Iterator.forEachRemaining(Iterator.java:133)
	at it.water.core.bundle.ApplicationInitializer.setupFrameworkComponents(ApplicationInitializer.java:55)
	at it.water.core.bundle.AbstractInitializer.initializeFrameworkComponents(AbstractInitializer.java:70)
	at it.water.core.bundle.RuntimeInitializer.initializeFrameworkComponents(RuntimeInitializer.java:44)
	at it.water.core.bundle.RuntimeInitializer.initializeFrameworkComponents(RuntimeInitializer.java:33)
	at it.water.core.testing.utils.bundle.TestRuntimeInitializer.start(TestRuntimeInitializer.java:70)
	at it.water.core.testing.utils.junit.WaterTestExtension.beforeAll(WaterTestExtension.java:47)
	at org.junit.jupiter.engine.descriptor.ClassBasedTestDescriptor.lambda$invokeBeforeAllCallbacks$12(ClassBasedTestDescriptor.java:396)
	at org.junit.platform.engine.support.hierarchical.ThrowableCollector.execute(ThrowableCollector.java:73)
	at org.junit.jupiter.engine.descriptor.ClassBasedTestDescriptor.invokeBeforeAllCallbacks(ClassBasedTestDescriptor.java:396)
	at org.junit.jupiter.engine.descriptor.ClassBasedTestDescriptor.before(ClassBasedTestDescriptor.java:212)
	at org.junit.jupiter.engine.descriptor.ClassBasedTestDescriptor.before(ClassBasedTestDescriptor.java:85)
	at org.junit.platform.engine.support.hierarchical.NodeTestTask.lambda$executeRecursively$6(NodeTestTask.java:148)
	at org.junit.platform.engine.support.hierarchical.ThrowableCollector.execute(ThrowableCollector.java:73)
	at org.junit.platform.engine.support.hierarchical.NodeTestTask.lambda$executeRecursively$8(NodeTestTask.java:141)
	at org.junit.platform.engine.support.hierarchical.Node.around(Node.java:137)
	at org.junit.platform.engine.support.hierarchical.NodeTestTask.lambda$executeRecursively$9(NodeTestTask.java:139)
	at org.junit.platform.engine.support.hierarchical.ThrowableCollector.execute(ThrowableCollector.java:73)
	at org.junit.platform.engine.support.hierarchical.NodeTestTask.executeRecursively(NodeTestTask.java:138)
	at org.junit.platform.engine.support.hierarchical.NodeTestTask.execute(NodeTestTask.java:95)
	at java.base/java.util.ArrayList.forEach(ArrayList.java:1511)
	at org.junit.platform.engine.support.hierarchical.SameThreadHierarchicalTestExecutorService.invokeAll(SameThreadHierarchicalTestExecutorService.java:41)
	at org.junit.platform.engine.support.hierarchical.NodeTestTask.lambda$executeRecursively$6(NodeTestTask.java:155)
	at org.junit.platform.engine.support.hierarchical.ThrowableCollector.execute(ThrowableCollector.java:73)
	at org.junit.platform.engine.support.hierarchical.NodeTestTask.lambda$executeRecursively$8(NodeTestTask.java:141)
	at org.junit.platform.engine.support.hierarchical.Node.around(Node.java:137)
	at org.junit.platform.engine.support.hierarchical.NodeTestTask.lambda$executeRecursively$9(NodeTestTask.java:139)
	at org.junit.platform.engine.support.hierarchical.ThrowableCollector.execute(ThrowableCollector.java:73)
	at org.junit.platform.engine.support.hierarchical.NodeTestTask.executeRecursively(NodeTestTask.java:138)
	at org.junit.platform.engine.support.hierarchical.NodeTestTask.execute(NodeTestTask.java:95)
	at org.junit.platform.engine.support.hierarchical.SameThreadHierarchicalTestExecutorService.submit(SameThreadHierarchicalTestExecutorService.java:35)
	at org.junit.platform.engine.support.hierarchical.HierarchicalTestExecutor.execute(HierarchicalTestExecutor.java:57)
	at org.junit.platform.engine.support.hierarchical.HierarchicalTestEngine.execute(HierarchicalTestEngine.java:54)
	at org.junit.platform.launcher.core.EngineExecutionOrchestrator.execute(EngineExecutionOrchestrator.java:107)
	at org.junit.platform.launcher.core.EngineExecutionOrchestrator.execute(EngineExecutionOrchestrator.java:88)
	at org.junit.platform.launcher.core.EngineExecutionOrchestrator.lambda$execute$0(EngineExecutionOrchestrator.java:54)
	at org.junit.platform.launcher.core.EngineExecutionOrchestrator.withInterceptedStreams(EngineExecutionOrchestrator.java:67)
	at org.junit.platform.launcher.core.EngineExecutionOrchestrator.execute(EngineExecutionOrchestrator.java:52)
	at org.junit.platform.launcher.core.DefaultLauncher.execute(DefaultLauncher.java:114)
	at org.junit.platform.launcher.core.DefaultLauncher.execute(DefaultLauncher.java:86)
	at org.junit.platform.launcher.core.DefaultLauncherSession$DelegatingLauncher.execute(DefaultLauncherSession.java:86)
	at org.gradle.api.internal.tasks.testing.junitplatform.JUnitPlatformTestClassProcessor$CollectAllTestClassesExecutor.processAllTestClasses(JUnitPlatformTestClassProcessor.java:124)
	at org.gradle.api.internal.tasks.testing.junitplatform.JUnitPlatformTestClassProcessor$CollectAllTestClassesExecutor.access$000(JUnitPlatformTestClassProcessor.java:99)
	at org.gradle.api.internal.tasks.testing.junitplatform.JUnitPlatformTestClassProcessor.stop(JUnitPlatformTestClassProcessor.java:94)
	at org.gradle.api.internal.tasks.testing.SuiteTestClassProcessor.stop(SuiteTestClassProcessor.java:63)
	at java.base/jdk.internal.reflect.NativeMethodAccessorImpl.invoke0(Native Method)
	at java.base/jdk.internal.reflect.NativeMethodAccessorImpl.invoke(NativeMethodAccessorImpl.java:77)
	at java.base/jdk.internal.reflect.DelegatingMethodAccessorImpl.invoke(DelegatingMethodAccessorImpl.java:43)
	at java.base/java.lang.reflect.Method.invoke(Method.java:568)
	at org.gradle.internal.dispatch.ReflectionDispatch.dispatch(ReflectionDispatch.java:36)
	at org.gradle.internal.dispatch.ReflectionDispatch.dispatch(ReflectionDispatch.java:24)
	at org.gradle.internal.dispatch.ContextClassLoaderDispatch.dispatch(ContextClassLoaderDispatch.java:33)
	at org.gradle.internal.dispatch.ProxyDispatchAdapter$DispatchingInvocationHandler.invoke(ProxyDispatchAdapter.java:92)
	at jdk.proxy2/jdk.proxy2.$Proxy6.stop(Unknown Source)
	at org.gradle.api.internal.tasks.testing.worker.TestWorker$3.run(TestWorker.java:200)
	at org.gradle.api.internal.tasks.testing.worker.TestWorker.executeAndMaintainThreadName(TestWorker.java:132)
	at org.gradle.api.internal.tasks.testing.worker.TestWorker.execute(TestWorker.java:103)
	at org.gradle.api.internal.tasks.testing.worker.TestWorker.execute(TestWorker.java:63)
	at org.gradle.process.internal.worker.child.ActionExecutionWorker.execute(ActionExecutionWorker.java:56)
	at org.gradle.process.internal.worker.child.SystemApplicationClassLoaderWorker.call(SystemApplicationClassLoaderWorker.java:121)
	at org.gradle.process.internal.worker.child.SystemApplicationClassLoaderWorker.call(SystemApplicationClassLoaderWorker.java:71)
	at worker.org.gradle.process.internal.worker.GradleWorkerMain.run(GradleWorkerMain.java:69)
	at worker.org.gradle.process.internal.worker.GradleWorkerMain.main(GradleWorkerMain.java:74)
11:56:31.653 [Test worker] DEBUG it.water.core.bundle.ApplicationInitializer -- Found @FrameworkComponent it.water.service.rest.WaterDefaultJacksonMapper
11:56:31.654 [Test worker] DEBUG it.water.core.bundle.ApplicationInitializer -- Injecting  Components into fields
11:56:31.654 [Test worker] DEBUG it.water.core.bundle.ApplicationInitializer -- Component: it.water.service.rest.WaterDefaultJacksonMapper implementing services [interface it.water.service.rest.api.WaterJacksonMapper] with properties :
 []
11:56:31.654 [Test worker] DEBUG it.water.core.bundle.ApplicationInitializer -- Component: it.water.service.rest.api.WaterJacksonMapper succesfully registered!
11:56:31.654 [Test worker] DEBUG it.water.core.bundle.ApplicationInitializer -- Searching for init method...
11:56:31.654 [Test worker] DEBUG it.water.core.bundle.ApplicationInitializer -- Found @FrameworkComponent it.water.service.rest.manager.cxf.CxfRestApiManager
11:56:31.654 [Test worker] DEBUG it.water.core.bundle.ApplicationInitializer -- Injecting  Components into fields
11:56:31.654 [Test worker] DEBUG it.water.core.bundle.ApplicationInitializer -- Component: it.water.service.rest.manager.cxf.CxfRestApiManager implementing services [interface it.water.core.api.service.rest.RestApiManager] with properties :
 []
11:56:31.654 [Test worker] DEBUG it.water.core.bundle.ApplicationInitializer -- Component: it.water.core.api.service.rest.RestApiManager succesfully registered!
11:56:31.654 [Test worker] DEBUG it.water.core.bundle.ApplicationInitializer -- Searching for init method...
11:56:31.654 [Test worker] DEBUG it.water.core.bundle.ApplicationInitializer -- Found @FrameworkComponent it.water.core.interceptors.annotations.implementation.WaterComponentsInjector
11:56:31.654 [Test worker] DEBUG it.water.core.bundle.ApplicationInitializer -- Injecting  Components into fields
11:56:31.654 [Test worker] DEBUG it.water.core.bundle.ApplicationInitializer -- Setting field componentRegistry on it.water.core.interceptors.annotations.implementation.WaterComponentsInjector
11:56:31.655 [Test worker] DEBUG it.water.core.bundle.ApplicationInitializer -- Component: it.water.core.interceptors.annotations.implementation.WaterComponentsInjector implementing services [class it.water.core.interceptors.annotations.implementation.WaterComponentsInjector] with properties :
 []
11:56:31.655 [Test worker] DEBUG it.water.core.bundle.ApplicationInitializer -- Component: it.water.core.interceptors.annotations.implementation.WaterComponentsInjector succesfully registered!
11:56:31.655 [Test worker] DEBUG it.water.core.bundle.ApplicationInitializer -- Searching for init method...
11:56:31.655 [Test worker] DEBUG it.water.core.bundle.ApplicationInitializer -- Found @FrameworkComponent it.water.service.rest.RestOptionsImpl
11:56:31.655 [Test worker] DEBUG it.water.core.bundle.ApplicationInitializer -- Injecting  Components into fields
11:56:31.655 [Test worker] DEBUG it.water.core.bundle.ApplicationInitializer -- Component: it.water.service.rest.RestOptionsImpl implementing services [interface it.water.service.rest.api.options.RestOptions] with properties :
 []
11:56:31.655 [Test worker] DEBUG it.water.core.bundle.ApplicationInitializer -- Component: it.water.service.rest.api.options.RestOptions succesfully registered!
11:56:31.655 [Test worker] DEBUG it.water.core.bundle.ApplicationInitializer -- Searching for init method...
11:56:31.655 [Test worker] DEBUG it.water.core.bundle.ApplicationInitializer -- Found @FrameworkComponent it.water.service.rest.RestApiRegistryImpl
11:56:31.656 [Test worker] DEBUG it.water.core.bundle.ApplicationInitializer -- Injecting  Components into fields
11:56:31.656 [Test worker] DEBUG it.water.core.bundle.ApplicationInitializer -- Component: it.water.service.rest.RestApiRegistryImpl implementing services [interface it.water.core.api.service.rest.RestApiRegistry] with properties :
 []
11:56:31.656 [Test worker] DEBUG it.water.core.bundle.ApplicationInitializer -- Component: it.water.core.api.service.rest.RestApiRegistry succesfully registered!
11:56:31.656 [Test worker] DEBUG it.water.core.bundle.ApplicationInitializer -- Searching for init method...
11:56:31.656 [Test worker] DEBUG it.water.core.bundle.ApplicationInitializer -- Found @FrameworkComponent it.water.core.bundle.WaterRuntime
11:56:31.656 [Test worker] DEBUG it.water.core.bundle.ApplicationInitializer -- Injecting  Components into fields
11:56:31.656 [Test worker] DEBUG it.water.core.bundle.ApplicationInitializer -- Component: it.water.core.bundle.WaterRuntime implementing services [interface it.water.core.api.bundle.Runtime] with properties :
 []
11:56:31.656 [Test worker] DEBUG it.water.core.bundle.ApplicationInitializer -- Component: it.water.core.api.bundle.Runtime succesfully registered!
11:56:31.656 [Test worker] DEBUG it.water.core.bundle.ApplicationInitializer -- Searching for init method...
11:56:31.656 [Test worker] DEBUG it.water.core.bundle.ApplicationInitializer -- Found @FrameworkComponent it.water.core.service.integration.discovery.ServiceDiscoveryRegistryInMemoryServer
11:56:31.656 [Test worker] DEBUG it.water.core.bundle.ApplicationInitializer -- Injecting  Components into fields
11:56:31.656 [Test worker] DEBUG it.water.core.bundle.ApplicationInitializer -- Component: it.water.core.service.integration.discovery.ServiceDiscoveryRegistryInMemoryServer implementing services [interface it.water.core.api.service.integration.discovery.ServiceDiscoveryRegistryServer] with properties :
 [implementation=inMemory]
11:56:31.656 [Test worker] DEBUG it.water.core.bundle.ApplicationInitializer -- Component: it.water.core.api.service.integration.discovery.ServiceDiscoveryRegistryServer succesfully registered!
11:56:31.656 [Test worker] DEBUG it.water.core.bundle.ApplicationInitializer -- Searching for init method...
11:56:31.656 [Test worker] DEBUG it.water.core.bundle.ApplicationInitializer -- Found @FrameworkComponent it.water.service.rest.security.jwt.NimbusJwtTokenService
11:56:31.664 [Test worker] DEBUG it.water.core.bundle.ApplicationInitializer -- Injecting  Components into fields
11:56:31.664 [Test worker] DEBUG it.water.core.bundle.ApplicationInitializer -- Component: it.water.service.rest.security.jwt.NimbusJwtTokenService implementing services [interface it.water.service.rest.api.security.jwt.JwtTokenService] with properties :
 []
11:56:31.664 [Test worker] DEBUG it.water.core.bundle.ApplicationInitializer -- Component: it.water.service.rest.api.security.jwt.JwtTokenService succesfully registered!
11:56:31.664 [Test worker] DEBUG it.water.core.bundle.ApplicationInitializer -- Searching for init method...
11:56:31.664 [Test worker] DEBUG it.water.core.bundle.ApplicationInitializer -- Found @FrameworkComponent it.water.apigateway.service.RouteServiceImpl
11:56:31.664 [Test worker] DEBUG it.water.core.bundle.ApplicationInitializer -- Injecting  Components into fields
11:56:31.664 [Test worker] DEBUG it.water.core.bundle.ApplicationInitializer -- Component: it.water.apigateway.service.RouteServiceImpl implementing services [interface it.water.apigateway.api.RouteApi] with properties :
 []
11:56:31.664 [Test worker] DEBUG it.water.core.bundle.ApplicationInitializer -- Component: it.water.apigateway.api.RouteApi succesfully registered!
11:56:31.664 [Test worker] DEBUG it.water.core.bundle.ApplicationInitializer -- Searching for init method...
11:56:31.664 [Test worker] DEBUG it.water.core.bundle.ApplicationInitializer -- Found @FrameworkComponent it.water.apigateway.service.CircuitBreakerServiceImpl
11:56:31.664 [Test worker] DEBUG it.water.core.bundle.ApplicationInitializer -- Injecting  Components into fields
11:56:31.664 [Test worker] DEBUG it.water.core.bundle.ApplicationInitializer -- Component: it.water.apigateway.service.CircuitBreakerServiceImpl implementing services [interface it.water.apigateway.api.CircuitBreakerApi] with properties :
 []
11:56:31.664 [Test worker] DEBUG it.water.core.bundle.ApplicationInitializer -- Component: it.water.apigateway.api.CircuitBreakerApi succesfully registered!
11:56:31.664 [Test worker] DEBUG it.water.core.bundle.ApplicationInitializer -- Searching for init method...
11:56:31.664 [Test worker] DEBUG it.water.core.bundle.ApplicationInitializer -- Activating components...
11:56:31.664 [Test worker] DEBUG it.water.core.api.registry.ComponentRegistry -- Running activation method on component: it.water.core.interceptors.annotations.implementation.LogMethodExecutionInterceptor
11:56:31.665 [Test worker] DEBUG it.water.core.api.registry.ComponentRegistry -- Running activation method on component: it.water.core.security.util.WaterPermissionUtilImpl
11:56:31.666 [Test worker] DEBUG it.water.core.api.registry.ComponentRegistry -- Running activation method on component: it.water.core.testing.utils.security.InMemoryTestPermissionManager
11:56:31.666 [Test worker] DEBUG it.water.core.api.registry.ComponentRegistry -- Running activation method on component: it.water.repository.jpa.test.utils.TestJpaRepositoryManager
11:56:31.667 [Test worker] DEBUG it.water.core.api.registry.ComponentRegistry -- Running activation method on component: it.water.core.testing.utils.security.InMemoryUserManager
11:56:31.667 [Test worker] DEBUG it.water.core.api.registry.ComponentRegistry -- Running activation method on component: it.water.apigateway.service.RateLimiterServiceImpl
11:56:31.667 [Test worker] INFO it.water.apigateway.service.RateLimiterServiceImpl -- RateLimiterServiceImpl activated
11:56:31.667 [Test worker] DEBUG it.water.core.api.registry.ComponentRegistry -- Running activation method on component: it.water.apigateway.service.GatewaySystemServiceImpl
11:56:31.667 [Test worker] DEBUG it.water.core.api.registry.ComponentRegistry -- Running activation method on component: it.water.apigateway.repository.RouteRepositoryImpl
11:56:31.667 [Test worker] DEBUG it.water.core.api.registry.ComponentRegistry -- Running activation method on component: it.water.service.rest.RestOptionsImpl
11:56:31.667 [Test worker] DEBUG it.water.core.api.registry.ComponentRegistry -- Running activation method on component: it.water.core.bundle.WaterRuntime
11:56:31.667 [Test worker] DEBUG it.water.core.api.registry.ComponentRegistry -- Running activation method on component: it.water.core.validation.validators.WaterJakartaValidator
11:56:31.667 [Test worker] DEBUG it.water.core.api.registry.ComponentRegistry -- Running activation method on component: it.water.service.rest.WaterDefaultJacksonMapper
11:56:31.674 [Test worker] DEBUG it.water.core.api.registry.ComponentRegistry -- Running activation method on component: it.water.core.permission.action.DefaultActionsManager
11:56:31.674 [Test worker] DEBUG it.water.core.api.registry.ComponentRegistry -- Running activation method on component: it.water.apigateway.service.RouteSystemServiceImpl
11:56:31.674 [Test worker] DEBUG it.water.core.api.registry.ComponentRegistry -- Running activation method on component: it.water.core.testing.utils.bundle.WaterTestRuntime
11:56:31.674 [Test worker] DEBUG it.water.core.api.registry.ComponentRegistry -- Running activation method on component: it.water.apigateway.service.LoadBalancerServiceImpl
11:56:31.674 [Test worker] INFO it.water.apigateway.service.LoadBalancerServiceImpl -- LoadBalancerServiceImpl activated with strategy: ROUND_ROBIN
11:56:31.674 [Test worker] DEBUG it.water.core.api.registry.ComponentRegistry -- Running activation method on component: it.water.service.rest.security.jwt.NimbusJwtTokenService
11:56:31.674 [Test worker] DEBUG it.water.core.api.registry.ComponentRegistry -- Running activation method on component: it.water.core.service.integration.discovery.ServiceDiscoveryRegistryInMemoryServer
11:56:31.674 [Test worker] DEBUG it.water.core.api.registry.ComponentRegistry -- Running activation method on component: it.water.apigateway.service.GatewayAuthenticationServiceImpl
11:56:31.674 [Test worker] INFO it.water.apigateway.service.GatewayAuthenticationServiceImpl -- GatewayAuthenticationServiceImpl activated
11:56:31.674 [Test worker] DEBUG it.water.core.api.registry.ComponentRegistry -- Running activation method on component: it.water.core.service.cluster.ClusterNodeOptionsImpl
11:56:31.674 [Test worker] DEBUG it.water.core.api.registry.ComponentRegistry -- Running activation method on component: it.water.core.testing.utils.security.InMemoryTestRoleManager
11:56:31.675 [Test worker] DEBUG it.water.core.api.registry.ComponentRegistry -- Running activation method on component: it.water.core.security.util.WaterEncryprionUtilImpl
11:56:31.675 [Test worker] DEBUG it.water.core.api.registry.ComponentRegistry -- Running activation method on component: it.water.service.rest.RestApiRegistryImpl
11:56:31.675 [Test worker] DEBUG it.water.core.api.registry.ComponentRegistry -- Running activation method on component: it.water.service.rest.security.jwt.JwtSecurityOptionsImpl
11:56:31.675 [Test worker] DEBUG it.water.core.api.registry.ComponentRegistry -- Running activation method on component: it.water.apigateway.service.CircuitBreakerServiceImpl
11:56:31.675 [Test worker] INFO it.water.apigateway.service.CircuitBreakerServiceImpl -- CircuitBreakerServiceImpl activated
11:56:31.675 [Test worker] DEBUG it.water.core.api.registry.ComponentRegistry -- Running activation method on component: it.water.core.security.annotations.implementation.AllowRolesInterceptor
11:56:31.675 [Test worker] DEBUG it.water.core.api.registry.ComponentRegistry -- Running activation method on component: it.water.core.interceptors.annotations.implementation.WaterComponentsInjector
11:56:31.675 [Test worker] DEBUG it.water.core.api.registry.ComponentRegistry -- Running activation method on component: it.water.core.security.annotations.implementation.AllowPermissionOnReturnInterceptor
11:56:31.675 [Test worker] DEBUG it.water.core.api.registry.ComponentRegistry -- Running activation method on component: it.water.apigateway.service.RouteServiceImpl
11:56:31.675 [Test worker] DEBUG it.water.core.api.registry.ComponentRegistry -- Running activation method on component: it.water.core.testing.utils.service.SharedEntityMockIntegrationClient
11:56:31.675 [Test worker] DEBUG it.water.core.api.registry.ComponentRegistry -- Running activation method on component: it.water.apigateway.service.GatewayRouterServiceImpl
11:56:31.675 [Test worker] INFO it.water.apigateway.service.GatewayRouterServiceImpl -- GatewayRouterServiceImpl activating...
11:56:31.678 [Test worker] INFO it.water.apigateway.service.GatewayRouterServiceImpl -- Refreshing routes from database
11:56:31.678 [Test worker] WARN it.water.apigateway.service.GatewayRouterServiceImpl -- Failed to refresh routes: Cannot invoke "it.water.apigateway.api.RouteRepository.findOrderedByPriority()" because "this.routeRepository" is null
11:56:31.678 [Test worker] INFO it.water.apigateway.service.GatewayRouterServiceImpl -- GatewayRouterServiceImpl activated with 0 routes
11:56:31.678 [Test worker] DEBUG it.water.core.api.registry.ComponentRegistry -- Running activation method on component: it.water.core.security.annotations.implementation.AllowGenericPermissionInterceptor
11:56:31.678 [Test worker] DEBUG it.water.core.api.registry.ComponentRegistry -- Running activation method on component: it.water.apigateway.service.RateLimitRuleServiceImpl
11:56:31.679 [Test worker] DEBUG it.water.core.api.registry.ComponentRegistry -- Running activation method on component: it.water.apigateway.service.RateLimitRuleSystemServiceImpl
11:56:31.679 [Test worker] DEBUG it.water.core.api.registry.ComponentRegistry -- Running activation method on component: it.water.apigateway.repository.RateLimitRuleRepositoryImpl
11:56:31.679 [Test worker] DEBUG it.water.core.api.registry.ComponentRegistry -- Running activation method on component: it.water.service.rest.manager.cxf.CxfRestApiManager
11:56:31.679 [Test worker] DEBUG it.water.core.api.registry.ComponentRegistry -- Running activation method on component: it.water.core.security.annotations.implementation.AllowLoggedUserInterceptor
11:56:31.679 [Test worker] DEBUG it.water.core.api.registry.ComponentRegistry -- Running activation method on component: it.water.core.security.annotations.implementation.AllowPermissionInterceptor
11:56:31.679 [Test worker] DEBUG it.water.core.api.registry.ComponentRegistry -- Running activation method on component: it.water.apigateway.service.RequestTransformerServiceImpl
11:56:33.003 [Test worker] INFO org.reflections.Reflections -- Reflections took 1316 ms to scan 205 urls, producing 14021 keys and 69639 values
11:56:33.106 [Test worker] DEBUG it.water.core.interceptors.annotations.implementation.WaterComponentsInjector -- Injecting Water Components into fields
11:56:33.107 [Test worker] DEBUG it.water.core.interceptors.annotations.implementation.WaterComponentsInjector -- Setting field roleManager on it.water.core.permission.action.DefaultActionsManager
11:56:33.108 [Test worker] DEBUG it.water.core.interceptors.annotations.implementation.WaterComponentsInjector -- Setting field permissionManager on it.water.core.permission.action.DefaultActionsManager
11:56:33.108 [Test worker] DEBUG it.water.core.permission.action.DefaultActionsManager -- Invoking registerActions of it.water.apigateway.model.RateLimitRule
11:56:33.109 [Test worker] DEBUG it.water.core.permission.action.ActionFactory -- Invoking createAction for resource it.water.apigateway.model.RateLimitRule with action name save
11:56:33.109 [Test worker] DEBUG it.water.core.permission.action.ActionFactory -- Invoking createAction for resource it.water.apigateway.model.RateLimitRule with action name save
11:56:33.109 [Test worker] DEBUG it.water.core.permission.action.ActionFactory -- Invoking createAction for resource it.water.apigateway.model.RateLimitRule with action name update
11:56:33.109 [Test worker] DEBUG it.water.core.permission.action.ActionFactory -- Invoking createAction for resource it.water.apigateway.model.RateLimitRule with action name update
11:56:33.109 [Test worker] DEBUG it.water.core.permission.action.ActionFactory -- Invoking createAction for resource it.water.apigateway.model.RateLimitRule with action name find
11:56:33.109 [Test worker] DEBUG it.water.core.permission.action.ActionFactory -- Invoking createAction for resource it.water.apigateway.model.RateLimitRule with action name find
11:56:33.109 [Test worker] DEBUG it.water.core.permission.action.ActionFactory -- Invoking createAction for resource it.water.apigateway.model.RateLimitRule with action name find-all
11:56:33.109 [Test worker] DEBUG it.water.core.permission.action.ActionFactory -- Invoking createAction for resource it.water.apigateway.model.RateLimitRule with action name find-all
11:56:33.109 [Test worker] DEBUG it.water.core.permission.action.ActionFactory -- Invoking createAction for resource it.water.apigateway.model.RateLimitRule with action name remove
11:56:33.109 [Test worker] DEBUG it.water.core.permission.action.ActionFactory -- Invoking createAction for resource it.water.apigateway.model.RateLimitRule with action name remove
11:56:33.109 [Test worker] DEBUG it.water.core.permission.action.ActionFactory -- Invoking createAction for resource it.water.apigateway.model.RateLimitRule with action name configure-rate-limit
11:56:33.109 [Test worker] DEBUG it.water.core.permission.action.ActionFactory -- Invoking createAction for resource it.water.apigateway.model.RateLimitRule with action name configure-rate-limit
11:56:33.109 [Test worker] DEBUG it.water.core.permission.action.ActionFactory -- Invoking createAction for resource it.water.apigateway.model.RateLimitRule with action name view-metrics
11:56:33.109 [Test worker] DEBUG it.water.core.permission.action.ActionFactory -- Invoking createAction for resource it.water.apigateway.model.RateLimitRule with action name view-metrics
11:56:33.110 [Test worker] DEBUG it.water.core.interceptors.annotations.implementation.WaterComponentsInjector -- Injecting Water Components into fields
11:56:33.110 [Test worker] DEBUG it.water.core.interceptors.annotations.implementation.WaterComponentsInjector -- Setting field roleManager on it.water.core.testing.utils.security.InMemoryTestPermissionManager
11:56:33.110 [Test worker] DEBUG it.water.core.interceptors.annotations.implementation.WaterComponentsInjector -- Setting field userManager on it.water.core.testing.utils.security.InMemoryTestPermissionManager
11:56:33.111 [Test worker] DEBUG it.water.core.permission.action.ActionFactory -- Invoking createAction for resource it.water.apigateway.model.RateLimitRule with action name save
11:56:33.111 [Test worker] DEBUG it.water.core.interceptors.annotations.implementation.WaterComponentsInjector -- Injecting Water Components into fields
11:56:33.111 [Test worker] DEBUG it.water.core.interceptors.annotations.implementation.WaterComponentsInjector -- Setting field roleManager on it.water.core.testing.utils.security.InMemoryTestPermissionManager
11:56:33.111 [Test worker] DEBUG it.water.core.interceptors.annotations.implementation.WaterComponentsInjector -- Setting field userManager on it.water.core.testing.utils.security.InMemoryTestPermissionManager
11:56:33.111 [Test worker] DEBUG it.water.core.permission.action.ActionFactory -- Invoking createAction for resource it.water.apigateway.model.RateLimitRule with action name update
11:56:33.111 [Test worker] DEBUG it.water.core.interceptors.annotations.implementation.WaterComponentsInjector -- Injecting Water Components into fields
11:56:33.111 [Test worker] DEBUG it.water.core.interceptors.annotations.implementation.WaterComponentsInjector -- Setting field roleManager on it.water.core.testing.utils.security.InMemoryTestPermissionManager
11:56:33.111 [Test worker] DEBUG it.water.core.interceptors.annotations.implementation.WaterComponentsInjector -- Setting field userManager on it.water.core.testing.utils.security.InMemoryTestPermissionManager
11:56:33.111 [Test worker] DEBUG it.water.core.permission.action.ActionFactory -- Invoking createAction for resource it.water.apigateway.model.RateLimitRule with action name find
11:56:33.111 [Test worker] DEBUG it.water.core.interceptors.annotations.implementation.WaterComponentsInjector -- Injecting Water Components into fields
11:56:33.111 [Test worker] DEBUG it.water.core.interceptors.annotations.implementation.WaterComponentsInjector -- Setting field roleManager on it.water.core.testing.utils.security.InMemoryTestPermissionManager
11:56:33.111 [Test worker] DEBUG it.water.core.interceptors.annotations.implementation.WaterComponentsInjector -- Setting field userManager on it.water.core.testing.utils.security.InMemoryTestPermissionManager
11:56:33.111 [Test worker] DEBUG it.water.core.permission.action.ActionFactory -- Invoking createAction for resource it.water.apigateway.model.RateLimitRule with action name find-all
11:56:33.111 [Test worker] DEBUG it.water.core.interceptors.annotations.implementation.WaterComponentsInjector -- Injecting Water Components into fields
11:56:33.111 [Test worker] DEBUG it.water.core.interceptors.annotations.implementation.WaterComponentsInjector -- Setting field roleManager on it.water.core.testing.utils.security.InMemoryTestPermissionManager
11:56:33.111 [Test worker] DEBUG it.water.core.interceptors.annotations.implementation.WaterComponentsInjector -- Setting field userManager on it.water.core.testing.utils.security.InMemoryTestPermissionManager
11:56:33.111 [Test worker] DEBUG it.water.core.permission.action.ActionFactory -- Invoking createAction for resource it.water.apigateway.model.RateLimitRule with action name remove
11:56:33.111 [Test worker] DEBUG it.water.core.interceptors.annotations.implementation.WaterComponentsInjector -- Injecting Water Components into fields
11:56:33.111 [Test worker] DEBUG it.water.core.interceptors.annotations.implementation.WaterComponentsInjector -- Setting field roleManager on it.water.core.testing.utils.security.InMemoryTestPermissionManager
11:56:33.111 [Test worker] DEBUG it.water.core.interceptors.annotations.implementation.WaterComponentsInjector -- Setting field userManager on it.water.core.testing.utils.security.InMemoryTestPermissionManager
11:56:33.111 [Test worker] DEBUG it.water.core.permission.action.ActionFactory -- Invoking createAction for resource it.water.apigateway.model.RateLimitRule with action name configure-rate-limit
11:56:33.111 [Test worker] DEBUG it.water.core.interceptors.annotations.implementation.WaterComponentsInjector -- Injecting Water Components into fields
11:56:33.111 [Test worker] DEBUG it.water.core.interceptors.annotations.implementation.WaterComponentsInjector -- Setting field roleManager on it.water.core.testing.utils.security.InMemoryTestPermissionManager
11:56:33.111 [Test worker] DEBUG it.water.core.interceptors.annotations.implementation.WaterComponentsInjector -- Setting field userManager on it.water.core.testing.utils.security.InMemoryTestPermissionManager
11:56:33.111 [Test worker] DEBUG it.water.core.permission.action.ActionFactory -- Invoking createAction for resource it.water.apigateway.model.RateLimitRule with action name view-metrics
11:56:33.111 [Test worker] DEBUG it.water.core.interceptors.annotations.implementation.WaterComponentsInjector -- Injecting Water Components into fields
11:56:33.111 [Test worker] DEBUG it.water.core.interceptors.annotations.implementation.WaterComponentsInjector -- Setting field roleManager on it.water.core.testing.utils.security.InMemoryTestPermissionManager
11:56:33.111 [Test worker] DEBUG it.water.core.interceptors.annotations.implementation.WaterComponentsInjector -- Setting field userManager on it.water.core.testing.utils.security.InMemoryTestPermissionManager
11:56:33.111 [Test worker] DEBUG it.water.core.permission.action.ActionFactory -- Invoking createAction for resource it.water.apigateway.model.RateLimitRule with action name find
11:56:33.111 [Test worker] DEBUG it.water.core.interceptors.annotations.implementation.WaterComponentsInjector -- Injecting Water Components into fields
[...]
	at java.base/jdk.internal.reflect.NativeMethodAccessorImpl.invoke0(Native Method)
	at java.base/jdk.internal.reflect.NativeMethodAccessorImpl.invoke(NativeMethodAccessorImpl.java:77)
	at java.base/jdk.internal.reflect.DelegatingMethodAccessorImpl.invoke(DelegatingMethodAccessorImpl.java:43)
	at java.base/java.lang.reflect.Method.invoke(Method.java:568)
	at org.gradle.internal.dispatch.ReflectionDispatch.dispatch(ReflectionDispatch.java:36)
	at org.gradle.internal.dispatch.ReflectionDispatch.dispatch(ReflectionDispatch.java:24)
	at org.gradle.internal.dispatch.ContextClassLoaderDispatch.dispatch(ContextClassLoaderDispatch.java:33)
	at org.gradle.internal.dispatch.ProxyDispatchAdapter$DispatchingInvocationHandler.invoke(ProxyDispatchAdapter.java:92)
	at jdk.proxy2/jdk.proxy2.$Proxy6.stop(Unknown Source)
	at org.gradle.api.internal.tasks.testing.worker.TestWorker$3.run(TestWorker.java:200)
	at org.gradle.api.internal.tasks.testing.worker.TestWorker.executeAndMaintainThreadName(TestWorker.java:132)
	at org.gradle.api.internal.tasks.testing.worker.TestWorker.execute(TestWorker.java:103)
	at org.gradle.api.internal.tasks.testing.worker.TestWorker.execute(TestWorker.java:63)
	at org.gradle.process.internal.worker.child.ActionExecutionWorker.execute(ActionExecutionWorker.java:56)
	at org.gradle.process.internal.worker.child.SystemApplicationClassLoaderWorker.call(SystemApplicationClassLoaderWorker.java:121)
	at org.gradle.process.internal.worker.child.SystemApplicationClassLoaderWorker.call(SystemApplicationClassLoaderWorker.java:71)
	at worker.org.gradle.process.internal.worker.GradleWorkerMain.run(GradleWorkerMain.java:69)
	at worker.org.gradle.process.internal.worker.GradleWorkerMain.main(GradleWorkerMain.java:74)
11:56:42.586 [Test worker] INFO it.water.apigateway.service.CircuitBreakerServiceImpl -- Configuring circuit breaker for service: svc-e
11:56:42.586 [Test worker] DEBUG it.water.core.interceptors.annotations.implementation.WaterComponentsInjector -- Injecting Water Components into fields
11:56:42.586 [Test worker] DEBUG it.water.core.interceptors.annotations.implementation.WaterComponentsInjector -- Setting field componentRegistry on it.water.apigateway.CircuitBreakerApiTest
11:56:42.586 [Test worker] DEBUG it.water.core.interceptors.annotations.implementation.WaterComponentsInjector -- Setting field circuitBreakerApi on it.water.apigateway.CircuitBreakerApiTest
11:56:42.586 [Test worker] DEBUG it.water.core.interceptors.WaterAbstractInterceptor -- it.water.apigateway.CircuitBreakerApiTest.configurePerService()
java.lang.NoSuchMethodException: it.water.apigateway.CircuitBreakerApiTest.configurePerService()
	at java.base/java.lang.Class.getMethod(Class.java:2227)
	at it.water.core.interceptors.WaterAbstractInterceptor.interceptAnnotationsOnMethod(WaterAbstractInterceptor.java:140)
	at it.water.core.interceptors.WaterAbstractInterceptor.executeInterceptor(WaterAbstractInterceptor.java:82)
	at it.water.core.interceptors.WaterAbstractInterceptor.executeInterceptorBeforeMethod(WaterAbstractInterceptor.java:56)
	at it.water.core.testing.utils.junit.WaterTestExtension.beforeEach(WaterTestExtension.java:75)
	at org.junit.jupiter.engine.descriptor.TestMethodTestDescriptor.lambda$invokeBeforeEachCallbacks$2(TestMethodTestDescriptor.java:167)
	at org.junit.jupiter.engine.descriptor.TestMethodTestDescriptor.lambda$invokeBeforeMethodsOrCallbacksUntilExceptionOccurs$6(TestMethodTestDescriptor.java:203)
	at org.junit.platform.engine.support.hierarchical.ThrowableCollector.execute(ThrowableCollector.java:73)
	at org.junit.jupiter.engine.descriptor.TestMethodTestDescriptor.invokeBeforeMethodsOrCallbacksUntilExceptionOccurs(TestMethodTestDescriptor.java:203)
	at org.junit.jupiter.engine.descriptor.TestMethodTestDescriptor.invokeBeforeEachCallbacks(TestMethodTestDescriptor.java:166)
	at org.junit.jupiter.engine.descriptor.TestMethodTestDescriptor.execute(TestMethodTestDescriptor.java:133)
	at org.junit.jupiter.engine.descriptor.TestMethodTestDescriptor.execute(TestMethodTestDescriptor.java:69)
	at org.junit.platform.engine.support.hierarchical.NodeTestTask.lambda$executeRecursively$6(NodeTestTask.java:151)
	at org.junit.platform.engine.support.hierarchical.ThrowableCollector.execute(ThrowableCollector.java:73)
	at org.junit.platform.engine.support.hierarchical.NodeTestTask.lambda$executeRecursively$8(NodeTestTask.java:141)
	at org.junit.platform.engine.support.hierarchical.Node.around(Node.java:137)
	at org.junit.platform.engine.support.hierarchical.NodeTestTask.lambda$executeRecursively$9(NodeTestTask.java:139)
	at org.junit.platform.engine.support.hierarchical.ThrowableCollector.execute(ThrowableCollector.java:73)
	at org.junit.platform.engine.support.hierarchical.NodeTestTask.executeRecursively(NodeTestTask.java:138)
	at org.junit.platform.engine.support.hierarchical.NodeTestTask.execute(NodeTestTask.java:95)
	at java.base/java.util.ArrayList.forEach(ArrayList.java:1511)
	at org.junit.platform.engine.support.hierarchical.SameThreadHierarchicalTestExecutorService.invokeAll(SameThreadHierarchicalTestExecutorService.java:41)
	at org.junit.platform.engine.support.hierarchical.NodeTestTask.lambda$executeRecursively$6(NodeTestTask.java:155)
	at org.junit.platform.engine.support.hierarchical.ThrowableCollector.execute(ThrowableCollector.java:73)
	at org.junit.platform.engine.support.hierarchical.NodeTestTask.lambda$executeRecursively$8(NodeTestTask.java:141)
	at org.junit.platform.engine.support.hierarchical.Node.around(Node.java:137)
	at org.junit.platform.engine.support.hierarchical.NodeTestTask.lambda$executeRecursively$9(NodeTestTask.java:139)
	at org.junit.platform.engine.support.hierarchical.ThrowableCollector.execute(ThrowableCollector.java:73)
	at org.junit.platform.engine.support.hierarchical.NodeTestTask.executeRecursively(NodeTestTask.java:138)
	at org.junit.platform.engine.support.hierarchical.NodeTestTask.execute(NodeTestTask.java:95)
	at java.base/java.util.ArrayList.forEach(ArrayList.java:1511)
	at org.junit.platform.engine.support.hierarchical.SameThreadHierarchicalTestExecutorService.invokeAll(SameThreadHierarchicalTestExecutorService.java:41)
	at org.junit.platform.engine.support.hierarchical.NodeTestTask.lambda$executeRecursively$6(NodeTestTask.java:155)
	at org.junit.platform.engine.support.hierarchical.ThrowableCollector.execute(ThrowableCollector.java:73)
	at org.junit.platform.engine.support.hierarchical.NodeTestTask.lambda$executeRecursively$8(NodeTestTask.java:141)
	at org.junit.platform.engine.support.hierarchical.Node.around(Node.java:137)
	at org.junit.platform.engine.support.hierarchical.NodeTestTask.lambda$executeRecursively$9(NodeTestTask.java:139)
	at org.junit.platform.engine.support.hierarchical.ThrowableCollector.execute(ThrowableCollector.java:73)
	at org.junit.platform.engine.support.hierarchical.NodeTestTask.executeRecursively(NodeTestTask.java:138)
	at org.junit.platform.engine.support.hierarchical.NodeTestTask.execute(NodeTestTask.java:95)
	at org.junit.platform.engine.support.hierarchical.SameThreadHierarchicalTestExecutorService.submit(SameThreadHierarchicalTestExecutorService.java:35)
	at org.junit.platform.engine.support.hierarchical.HierarchicalTestExecutor.execute(HierarchicalTestExecutor.java:57)
	at org.junit.platform.engine.support.hierarchical.HierarchicalTestEngine.execute(HierarchicalTestEngine.java:54)
	at org.junit.platform.launcher.core.EngineExecutionOrchestrator.execute(EngineExecutionOrchestrator.java:107)
	at org.junit.platform.launcher.core.EngineExecutionOrchestrator.execute(EngineExecutionOrchestrator.java:88)
	at org.junit.platform.launcher.core.EngineExecutionOrchestrator.lambda$execute$0(EngineExecutionOrchestrator.java:54)
	at org.junit.platform.launcher.core.EngineExecutionOrchestrator.withInterceptedStreams(EngineExecutionOrchestrator.java:67)
	at org.junit.platform.launcher.core.EngineExecutionOrchestrator.execute(EngineExecutionOrchestrator.java:52)
	at org.junit.platform.launcher.core.DefaultLauncher.execute(DefaultLauncher.java:114)
	at org.junit.platform.launcher.core.DefaultLauncher.execute(DefaultLauncher.java:86)
	at org.junit.platform.launcher.core.DefaultLauncherSession$DelegatingLauncher.execute(DefaultLauncherSession.java:86)
	at org.gradle.api.internal.tasks.testing.junitplatform.JUnitPlatformTestClassProcessor$CollectAllTestClassesExecutor.processAllTestClasses(JUnitPlatformTestClassProcessor.java:124)
	at org.gradle.api.internal.tasks.testing.junitplatform.JUnitPlatformTestClassProcessor$CollectAllTestClassesExecutor.access$000(JUnitPlatformTestClassProcessor.java:99)
	at org.gradle.api.internal.tasks.testing.junitplatform.JUnitPlatformTestClassProcessor.stop(JUnitPlatformTestClassProcessor.java:94)
	at org.gradle.api.internal.tasks.testing.SuiteTestClassProcessor.stop(SuiteTestClassProcessor.java:63)
	at java.base/jdk.internal.reflect.NativeMethodAccessorImpl.invoke0(Native Method)
	at java.base/jdk.internal.reflect.NativeMethodAccessorImpl.invoke(NativeMethodAccessorImpl.java:77)
	at java.base/jdk.internal.reflect.DelegatingMethodAccessorImpl.invoke(DelegatingMethodAccessorImpl.java:43)
	at java.base/java.lang.reflect.Method.invoke(Method.java:568)
	at org.gradle.internal.dispatch.ReflectionDispatch.dispatch(ReflectionDispatch.java:36)
	at org.gradle.internal.dispatch.ReflectionDispatch.dispatch(ReflectionDispatch.java:24)
	at org.gradle.internal.dispatch.ContextClassLoaderDispatch.dispatch(ContextClassLoaderDispatch.java:33)
	at org.gradle.internal.dispatch.ProxyDispatchAdapter$DispatchingInvocationHandler.invoke(ProxyDispatchAdapter.java:92)
	at jdk.proxy2/jdk.proxy2.$Proxy6.stop(Unknown Source)
	at org.gradle.api.internal.tasks.testing.worker.TestWorker$3.run(TestWorker.java:200)
	at org.gradle.api.internal.tasks.testing.worker.TestWorker.executeAndMaintainThreadName(TestWorker.java:132)
	at org.gradle.api.internal.tasks.testing.worker.TestWorker.execute(TestWorker.java:103)
	at org.gradle.api.internal.tasks.testing.worker.TestWorker.execute(TestWorker.java:63)
	at org.gradle.process.internal.worker.child.ActionExecutionWorker.execute(ActionExecutionWorker.java:56)
	at org.gradle.process.internal.worker.child.SystemApplicationClassLoaderWorker.call(SystemApplicationClassLoaderWorker.java:121)
	at org.gradle.process.internal.worker.child.SystemApplicationClassLoaderWorker.call(SystemApplicationClassLoaderWorker.java:71)
	at worker.org.gradle.process.internal.worker.GradleWorkerMain.run(GradleWorkerMain.java:69)
	at worker.org.gradle.process.internal.worker.GradleWorkerMain.main(GradleWorkerMain.java:74)
11:56:42.587 [Test worker] INFO it.water.apigateway.service.CircuitBreakerServiceImpl -- Configuring circuit breaker for service: svc-custom
11:56:42.588 [Test worker] DEBUG it.water.core.interceptors.annotations.implementation.WaterComponentsInjector -- Injecting Water Components into fields
11:56:42.588 [Test worker] DEBUG it.water.core.interceptors.annotations.implementation.WaterComponentsInjector -- Setting field componentRegistry on it.water.apigateway.CircuitBreakerApiTest
11:56:42.588 [Test worker] DEBUG it.water.core.interceptors.annotations.implementation.WaterComponentsInjector -- Setting field circuitBreakerApi on it.water.apigateway.CircuitBreakerApiTest
11:56:42.588 [Test worker] DEBUG it.water.core.interceptors.WaterAbstractInterceptor -- it.water.apigateway.CircuitBreakerApiTest.recordSuccessInOpenStateKeepsCircuitOpen()
java.lang.NoSuchMethodException: it.water.apigateway.CircuitBreakerApiTest.recordSuccessInOpenStateKeepsCircuitOpen()
	at java.base/java.lang.Class.getMethod(Class.java:2227)
	at it.water.core.interceptors.WaterAbstractInterceptor.interceptAnnotationsOnMethod(WaterAbstractInterceptor.java:140)
	at it.water.core.interceptors.WaterAbstractInterceptor.executeInterceptor(WaterAbstractInterceptor.java:82)
	at it.water.core.interceptors.WaterAbstractInterceptor.executeInterceptorBeforeMethod(WaterAbstractInterceptor.java:56)
	at it.water.core.testing.utils.junit.WaterTestExtension.beforeEach(WaterTestExtension.java:75)
	at org.junit.jupiter.engine.descriptor.TestMethodTestDescriptor.lambda$invokeBeforeEachCallbacks$2(TestMethodTestDescriptor.java:167)
	at org.junit.jupiter.engine.descriptor.TestMethodTestDescriptor.lambda$invokeBeforeMethodsOrCallbacksUntilExceptionOccurs$6(TestMethodTestDescriptor.java:203)
	at org.junit.platform.engine.support.hierarchical.ThrowableCollector.execute(ThrowableCollector.java:73)
	at org.junit.jupiter.engine.descriptor.TestMethodTestDescriptor.invokeBeforeMethodsOrCallbacksUntilExceptionOccurs(TestMethodTestDescriptor.java:203)
	at org.junit.jupiter.engine.descriptor.TestMethodTestDescriptor.invokeBeforeEachCallbacks(TestMethodTestDescriptor.java:166)
	at org.junit.jupiter.engine.descriptor.TestMethodTestDescriptor.execute(TestMethodTestDescriptor.java:133)
	at org.junit.jupiter.engine.descriptor.TestMethodTestDescriptor.execute(TestMethodTestDescriptor.java:69)
	at org.junit.platform.engine.support.hierarchical.NodeTestTask.lambda$executeRecursively$6(NodeTestTask.java:151)
	at org.junit.platform.engine.support.hierarchical.ThrowableCollector.execute(ThrowableCollector.java:73)
	at org.junit.platform.engine.support.hierarchical.NodeTestTask.lambda$executeRecursively$8(NodeTestTask.java:141)
	at org.junit.platform.engine.support.hierarchical.Node.around(Node.java:137)
	at org.junit.platform.engine.support.hierarchical.NodeTestTask.lambda$executeRecursively$9(NodeTestTask.java:139)
	at org.junit.platform.engine.support.hierarchical.ThrowableCollector.execute(ThrowableCollector.java:73)
	at org.junit.platform.engine.support.hierarchical.NodeTestTask.executeRecursively(NodeTestTask.java:138)
	at org.junit.platform.engine.support.hierarchical.NodeTestTask.execute(NodeTestTask.java:95)
	at java.base/java.util.ArrayList.forEach(ArrayList.java:1511)
	at org.junit.platform.engine.support.hierarchical.SameThreadHierarchicalTestExecutorService.invokeAll(SameThreadHierarchicalTestExecutorService.java:41)
	at org.junit.platform.engine.support.hierarchical.NodeTestTask.lambda$executeRecursively$6(NodeTestTask.java:155)
	at org.junit.platform.engine.support.hierarchical.ThrowableCollector.execute(ThrowableCollector.java:73)
	at org.junit.platform.engine.support.hierarchical.NodeTestTask.lambda$executeRecursively$8(NodeTestTask.java:141)
	at org.junit.platform.engine.support.hierarchical.Node.around(Node.java:137)
	at org.junit.platform.engine.support.hierarchical.NodeTestTask.lambda$executeRecursively$9(NodeTestTask.java:139)
	at org.junit.platform.engine.support.hierarchical.ThrowableCollector.execute(ThrowableCollector.java:73)
	at org.junit.platform.engine.support.hierarchical.NodeTestTask.executeRecursively(NodeTestTask.java:138)
	at org.junit.platform.engine.support.hierarchical.NodeTestTask.execute(NodeTestTask.java:95)
	at java.base/java.util.ArrayList.forEach(ArrayList.java:1511)
	at org.junit.platform.engine.support.hierarchical.SameThreadHierarchicalTestExecutorService.invokeAll(SameThreadHierarchicalTestExecutorService.java:41)
	at org.junit.platform.engine.support.hierarchical.NodeTestTask.lambda$executeRecursively$6(NodeTestTask.java:155)
	at org.junit.platform.engine.support.hierarchical.ThrowableCollector.execute(ThrowableCollector.java:73)
	at org.junit.platform.engine.support.hierarchical.NodeTestTask.lambda$executeRecursively$8(NodeTestTask.java:141)
	at org.junit.platform.engine.support.hierarchical.Node.around(Node.java:137)
	at org.junit.platform.engine.support.hierarchical.NodeTestTask.lambda$executeRecursively$9(NodeTestTask.java:139)
	at org.junit.platform.engine.support.hierarchical.ThrowableCollector.execute(ThrowableCollector.java:73)
	at org.junit.platform.engine.support.hierarchical.NodeTestTask.executeRecursively(NodeTestTask.java:138)
	at org.junit.platform.engine.support.hierarchical.NodeTestTask.execute(NodeTestTask.java:95)
	at org.junit.platform.engine.support.hierarchical.SameThreadHierarchicalTestExecutorService.submit(SameThreadHierarchicalTestExecutorService.java:35)
	at org.junit.platform.engine.support.hierarchical.HierarchicalTestExecutor.execute(HierarchicalTestExecutor.java:57)
	at org.junit.platform.engine.support.hierarchical.HierarchicalTestEngine.execute(HierarchicalTestEngine.java:54)
	at org.junit.platform.launcher.core.EngineExecutionOrchestrator.execute(EngineExecutionOrchestrator.java:107)
	at org.junit.platform.launcher.core.EngineExecutionOrchestrator.execute(EngineExecutionOrchestrator.java:88)
	at org.junit.platform.launcher.core.EngineExecutionOrchestrator.lambda$execute$0(EngineExecutionOrchestrator.java:54)
	at org.junit.platform.launcher.core.EngineExecutionOrchestrator.withInterceptedStreams(EngineExecutionOrchestrator.java:67)
	at org.junit.platform.launcher.core.EngineExecutionOrchestrator.execute(EngineExecutionOrchestrator.java:52)
	at org.junit.platform.launcher.core.DefaultLauncher.execute(DefaultLauncher.java:114)
	at org.junit.platform.launcher.core.DefaultLauncher.execute(DefaultLauncher.java:86)
	at org.junit.platform.launcher.core.DefaultLauncherSession$DelegatingLauncher.execute(DefaultLauncherSession.java:86)
	at org.gradle.api.internal.tasks.testing.junitplatform.JUnitPlatformTestClassProcessor$CollectAllTestClassesExecutor.processAllTestClasses(JUnitPlatformTestClassProcessor.java:124)
	at org.gradle.api.internal.tasks.testing.junitplatform.JUnitPlatformTestClassProcessor$CollectAllTestClassesExecutor.access$000(JUnitPlatformTestClassProcessor.java:99)
	at org.gradle.api.internal.tasks.testing.junitplatform.JUnitPlatformTestClassProcessor.stop(JUnitPlatformTestClassProcessor.java:94)
	at org.gradle.api.internal.tasks.testing.SuiteTestClassProcessor.stop(SuiteTestClassProcessor.java:63)
	at java.base/jdk.internal.reflect.NativeMethodAccessorImpl.invoke0(Native Method)
	at java.base/jdk.internal.reflect.NativeMethodAccessorImpl.invoke(NativeMethodAccessorImpl.java:77)
	at java.base/jdk.internal.reflect.DelegatingMethodAccessorImpl.invoke(DelegatingMethodAccessorImpl.java:43)
	at java.base/java.lang.reflect.Method.invoke(Method.java:568)
	at org.gradle.internal.dispatch.ReflectionDispatch.dispatch(ReflectionDispatch.java:36)
	at org.gradle.internal.dispatch.ReflectionDispatch.dispatch(ReflectionDispatch.java:24)
	at org.gradle.internal.dispatch.ContextClassLoaderDispatch.dispatch(ContextClassLoaderDispatch.java:33)
	at org.gradle.internal.dispatch.ProxyDispatchAdapter$DispatchingInvocationHandler.invoke(ProxyDispatchAdapter.java:92)
	at jdk.proxy2/jdk.proxy2.$Proxy6.stop(Unknown Source)
	at org.gradle.api.internal.tasks.testing.worker.TestWorker$3.run(TestWorker.java:200)
	at org.gradle.api.internal.tasks.testing.worker.TestWorker.executeAndMaintainThreadName(TestWorker.java:132)
	at org.gradle.api.internal.tasks.testing.worker.TestWorker.execute(TestWorker.java:103)
	at org.gradle.api.internal.tasks.testing.worker.TestWorker.execute(TestWorker.java:63)
	at org.gradle.process.internal.worker.child.ActionExecutionWorker.execute(ActionExecutionWorker.java:56)
	at org.gradle.process.internal.worker.child.SystemApplicationClassLoaderWorker.call(SystemApplicationClassLoaderWorker.java:121)
	at org.gradle.process.internal.worker.child.SystemApplicationClassLoaderWorker.call(SystemApplicationClassLoaderWorker.java:71)
	at worker.org.gradle.process.internal.worker.GradleWorkerMain.run(GradleWorkerMain.java:69)
	at worker.org.gradle.process.internal.worker.GradleWorkerMain.main(GradleWorkerMain.java:74)
11:56:42.589 [Test worker] INFO it.water.apigateway.service.CircuitBreakerServiceImpl -- Configuring circuit breaker for service: svc-open-success
11:56:42.589 [Test worker] WARN it.water.apigateway.service.CircuitBreakerServiceImpl -- Circuit breaker for svc-open-success/inst-1 transitioning to OPEN (failure threshold reached)
]]></system-out>
  <system-err><![CDATA[mar 19, 2026 11:56:42 AM org.apache.cxf.endpoint.ServerImpl initDestination
INFORMAZIONI: Setting the server's publish address to be /
]]></system-err>
</testsuite>
